Log file open, 09/09/23 14:28:54
LogWindows: Failed to load 'aqProf.dll' (GetLastError=126)
LogWindows: File 'aqProf.dll' does not exist
LogWindows: Failed to load 'VtuneApi.dll' (GetLastError=126)
LogWindows: File 'VtuneApi.dll' does not exist
LogWindows: Failed to load 'VtuneApi32e.dll' (GetLastError=126)
LogWindows: File 'VtuneApi32e.dll' does not exist
LogConsoleResponse: Display: Failed to find resolution value strings in scalability ini. Falling back to default.
LogConsoleResponse: Display: Failed to find resolution value strings in scalability ini. Falling back to default.
LogInit: Display: Running engine for game: XP4
LogPlatformFile: Not using cached read wrapper
LogTaskGraph: Started task graph with 5 named threads and 14 total threads with 3 sets of task threads.
LogStats: Stats thread started at 20.033533
LogICUInternationalization: ICU TimeZone Detection - Raw Offset: -3:00, Platform Override: ''
LogInit: Display: Loading text-based GConfig....
LogPluginManager: Mounting plugin MeshPainting
LogPluginManager: Mounting plugin XGEController
LogPluginManager: Mounting plugin Paper2D
LogPluginManager: Mounting plugin EnvironmentQueryEditor
LogPluginManager: Mounting plugin LiveLink
LogPluginManager: Mounting plugin LightPropagationVolume
LogPluginManager: Mounting plugin CameraShakePreviewer
LogPluginManager: Mounting plugin GameplayCameras
LogPluginManager: Mounting plugin OodleData
LogPluginManager: Mounting plugin OodleNetwork
LogPluginManager: Mounting plugin AnimationSharing
LogPluginManager: Mounting plugin CLionSourceCodeAccess
LogPluginManager: Mounting plugin CodeLiteSourceCodeAccess
LogPluginManager: Mounting plugin GitSourceControl
LogPluginManager: Mounting plugin KDevelopSourceCodeAccess
LogPluginManager: Mounting plugin NullSourceCodeAccess
LogPluginManager: Mounting plugin PerforceSourceControl
LogPluginManager: Mounting plugin PixWinPlugin
LogPluginManager: Mounting plugin PlasticSourceControl
LogPluginManager: Mounting plugin PluginUtils
LogPluginManager: Mounting plugin PropertyAccessNode
LogPluginManager: Mounting plugin RiderSourceCodeAccess
LogPluginManager: Mounting plugin SubversionSourceControl
LogPluginManager: Mounting plugin TextureFormatOodle
LogPluginManager: Mounting plugin UObjectPlugin
LogPluginManager: Mounting plugin VisualStudioCodeSourceCodeAccess
LogPluginManager: Mounting plugin VisualStudioSourceCodeAccess
LogPluginManager: Mounting plugin XCodeSourceCodeAccess
LogPluginManager: Mounting plugin AssetManagerEditor
LogPluginManager: Mounting plugin CryptoKeys
LogPluginManager: Mounting plugin CurveEditorTools
LogPluginManager: Mounting plugin DataValidation
LogPluginManager: Mounting plugin FacialAnimation
LogPluginManager: Mounting plugin GameplayTagsEditor
LogPluginManager: Mounting plugin GeometryMode
LogPluginManager: Mounting plugin MacGraphicsSwitching
LogPluginManager: Mounting plugin MaterialAnalyzer
LogPluginManager: Mounting plugin MobileLauncherProfileWizard
LogPluginManager: Mounting plugin PluginBrowser
LogPluginManager: Mounting plugin DatasmithContent
LogPluginManager: Mounting plugin SpeedTreeImporter
LogPluginManager: Mounting plugin VariantManagerContent
LogPluginManager: Mounting plugin Niagara
LogPluginManager: Mounting plugin AndroidMedia
LogPluginManager: Mounting plugin AvfMedia
LogPluginManager: Mounting plugin ImgMedia
LogPluginManager: Mounting plugin MediaCompositing
LogPluginManager: Mounting plugin MediaPlayerEditor
LogPluginManager: Mounting plugin WmfMedia
LogPluginManager: Mounting plugin LuminPlatformFeatures
LogPluginManager: Mounting plugin WebMMedia
LogPluginManager: Mounting plugin MagicLeap
LogPluginManager: Mounting plugin MagicLeapLightEstimation
LogPluginManager: Mounting plugin MagicLeapMedia
LogPluginManager: Mounting plugin MagicLeapPassableWorld
LogPluginManager: Mounting plugin MLSDK
LogPluginManager: Mounting plugin ActorSequence
LogPluginManager: Mounting plugin LevelSequenceEditor
LogPluginManager: Mounting plugin MatineeToLevelSequence
LogPluginManager: Mounting plugin TemplateSequence
LogPluginManager: Mounting plugin TcpMessaging
LogPluginManager: Mounting plugin UdpMessaging
LogPluginManager: Mounting plugin LauncherChunkInstaller
LogPluginManager: Mounting plugin OnlineSubsystem
LogPluginManager: Mounting plugin OnlineSubsystemNull
LogPluginManager: Mounting plugin OnlineSubsystemUtils
LogPluginManager: Mounting plugin ActorLayerUtilities
LogPluginManager: Mounting plugin AndroidDeviceProfileSelector
LogPluginManager: Mounting plugin AndroidMoviePlayer
LogPluginManager: Mounting plugin AndroidPermission
LogPluginManager: Mounting plugin AppleImageUtils
LogPluginManager: Mounting plugin AppleMoviePlayer
LogPluginManager: Mounting plugin ArchVisCharacter
LogPluginManager: Mounting plugin AssetTags
LogPluginManager: Mounting plugin AudioCapture
LogPluginManager: Mounting plugin AudioSynesthesia
LogPluginManager: Mounting plugin ChunkDownloader
LogPluginManager: Mounting plugin CableComponent
LogPluginManager: Mounting plugin CustomMeshComponent
LogPluginManager: Mounting plugin EditableMesh
LogPluginManager: Mounting plugin ExampleDeviceProfileSelector
LogPluginManager: Mounting plugin GoogleCloudMessaging
LogPluginManager: Mounting plugin GooglePAD
LogPluginManager: Mounting plugin IOSDeviceProfileSelector
LogPluginManager: Mounting plugin LinuxDeviceProfileSelector
LogPluginManager: Mounting plugin LocationServicesBPLibrary
LogPluginManager: Mounting plugin MobilePatchingUtils
LogPluginManager: Mounting plugin OpenXR
LogPluginManager: Mounting plugin OpenXREyeTracker
LogPluginManager: Mounting plugin OpenXRHandTracking
LogPluginManager: Mounting plugin PhysXVehicles
LogPluginManager: Mounting plugin PostSplashScreen
LogPluginManager: Mounting plugin ProceduralMeshComponent
LogPluginManager: Mounting plugin PropertyAccessEditor
LogPluginManager: Mounting plugin RuntimePhysXCooking
LogPluginManager: Mounting plugin SignificanceManager
LogPluginManager: Mounting plugin SoundFields
LogPluginManager: Mounting plugin Synthesis
LogPluginManager: Mounting plugin WebMMoviePlayer
LogPluginManager: Mounting plugin WindowsMoviePlayer
LogPluginManager: Mounting plugin ScreenshotTools
LogPluginManager: Mounting plugin Takes
LogPluginManager: Mounting plugin AlembicImporter
LogPluginManager: Mounting plugin AutomationUtils
LogPluginManager: Mounting plugin BackChannel
LogPluginManager: Mounting plugin ChaosCloth
LogPluginManager: Mounting plugin ChaosClothEditor
LogPluginManager: Mounting plugin ChaosEditor
LogPluginManager: Mounting plugin ChaosNiagara
LogPluginManager: Mounting plugin ChaosSolverPlugin
LogPluginManager: Mounting plugin CharacterAI
LogPluginManager: Mounting plugin GeometryCache
LogPluginManager: Mounting plugin GeometryCollectionPlugin
LogPluginManager: Mounting plugin GeometryProcessing
LogPluginManager: Mounting plugin MotoSynth
LogPluginManager: Mounting plugin OpenImageDenoise
LogPluginManager: Mounting plugin PlanarCut
LogPluginManager: Mounting plugin PlatformCrypto
LogPluginManager: Mounting plugin ProxyLODPlugin
LogPluginManager: Mounting plugin PythonScriptPlugin
LogPluginManager: Mounting plugin RawInput
LogPluginManager: Mounting plugin SkeletalReduction
LogPluginManager: Mounting plugin AISupport
LogPluginManager: Mounting plugin ContentBrowserAssetDataSource
LogPluginManager: Mounting plugin ContentBrowserClassDataSource
LogPluginManager: Mounting plugin ContentBrowserFileDataSource
LogPluginManager: Mounting plugin OnlineSubsystemGooglePlay
LogPluginManager: Mounting plugin OnlineSubsystemIOS
LogPluginManager: Mounting plugin OculusVR
LogPluginManager: Mounting plugin SteamVR
PixWinPlugin: PIX capture plugin failed to initialize! Check that the process is launched from PIX.
LogInit: Using libcurl 7.55.1-DEV
LogInit:  - built for x86_64-pc-win32
LogInit:  - supports SSL with OpenSSL/1.1.1
LogInit:  - supports HTTP deflate (compression) using libz 1.2.8
LogInit:  - other features:
LogInit:      CURL_VERSION_SSL
LogInit:      CURL_VERSION_LIBZ
LogInit:      CURL_VERSION_IPV6
LogInit:      CURL_VERSION_ASYNCHDNS
LogInit:      CURL_VERSION_LARGEFILE
LogInit:      CURL_VERSION_IDN
LogInit:  CurlRequestOptions (configurable via config and command line):
LogInit:  - bVerifyPeer = true  - Libcurl will verify peer certificate
LogInit:  - bUseHttpProxy = false  - Libcurl will NOT use HTTP proxy
LogInit:  - bDontReuseConnections = false  - Libcurl will reuse connections
LogInit:  - MaxHostConnections = 16  - Libcurl will limit the number of connections to a host
LogInit:  - LocalHostAddr = Default
LogInit:  - BufferSize = 65536
LogOnline: OSS: Creating online subsystem instance for: NULL
LogInit: WinSock: version 1.1 (2.2), MaxSocks=32767, MaxUdp=65467
LogOnline: OSS: TryLoadSubsystemAndSetDefault: Loaded subsystem for module [NULL]
LogOculusPluginWrapper: OculusPlugin initialized successfully
LogHMD: Failed initializing OVRPlugin 1.59.0
LogInit: Build: ++UE4+Release-4.27-CL-18319896
LogInit: Engine Version: 4.27.2-18319896+++UE4+Release-4.27
LogInit: Compatible Engine Version: 4.27.0-17155196+++UE4+Release-4.27
LogInit: Net CL: 17155196
LogInit: OS: Windows 10 (Release 2009) (), CPU: Intel(R) Core(TM) i3-9100F CPU @ 3.60GHz, GPU: NVIDIA GeForce RTX 2060
LogInit: Compiled (64-bit): Nov 30 2021 07:12:08
LogInit: Compiled with Visual C++: 19.24.28315.00
LogInit: Build Configuration: Development
LogInit: Branch Name: ++UE4+Release-4.27
LogInit: Command Line: 
LogInit: Base Directory: D:/unreal 4/UE_4.27/Engine/Binaries/Win64/
LogInit: Allocator: TBB
LogInit: Installed Engine Build: 1
LogDevObjectVersion: Number of dev versions registered: 29
LogDevObjectVersion:   Dev-Blueprints (B0D832E4-1F89-4F0D-ACCF-7EB736FD4AA2): 10
LogDevObjectVersion:   Dev-Build (E1C64328-A22C-4D53-A36C-8E866417BD8C): 0
LogDevObjectVersion:   Dev-Core (375EC13C-06E4-48FB-B500-84F0262A717E): 4
LogDevObjectVersion:   Dev-Editor (E4B068ED-F494-42E9-A231-DA0B2E46BB41): 40
LogDevObjectVersion:   Dev-Framework (CFFC743F-43B0-4480-9391-14DF171D2073): 37
LogDevObjectVersion:   Dev-Mobile (B02B49B5-BB20-44E9-A304-32B752E40360): 3
LogDevObjectVersion:   Dev-Networking (A4E4105C-59A1-49B5-A7C5-40C4547EDFEE): 0
LogDevObjectVersion:   Dev-Online (39C831C9-5AE6-47DC-9A44-9C173E1C8E7C): 0
LogDevObjectVersion:   Dev-Physics (78F01B33-EBEA-4F98-B9B4-84EACCB95AA2): 14
LogDevObjectVersion:   Dev-Platform (6631380F-2D4D-43E0-8009-CF276956A95A): 0
LogDevObjectVersion:   Dev-Rendering (12F88B9F-8875-4AFC-A67C-D90C383ABD29): 45
LogDevObjectVersion:   Dev-Sequencer (7B5AE74C-D270-4C10-A958-57980B212A5A): 13
LogDevObjectVersion:   Dev-VR (D7296918-1DD6-4BDD-9DE2-64A83CC13884): 3
LogDevObjectVersion:   Dev-LoadTimes (C2A15278-BFE7-4AFE-6C17-90FF531DF755): 1
LogDevObjectVersion:   Private-Geometry (6EACA3D4-40EC-4CC1-B786-8BED09428FC5): 3
LogDevObjectVersion:   Dev-AnimPhys (29E575DD-E0A3-4627-9D10-D276232CDCEA): 17
LogDevObjectVersion:   Dev-Anim (AF43A65D-7FD3-4947-9873-3E8ED9C1BB05): 15
LogDevObjectVersion:   Dev-ReflectionCapture (6B266CEC-1EC7-4B8F-A30B-E4D90942FC07): 1
LogDevObjectVersion:   Dev-Automation (0DF73D61-A23F-47EA-B727-89E90C41499A): 1
LogDevObjectVersion:   FortniteMain (601D1886-AC64-4F84-AA16-D3DE0DEAC7D6): 47
LogDevObjectVersion:   FortniteRelease (E7086368-6B23-4C58-8439-1B7016265E91): 1
LogDevObjectVersion:   Dev-Enterprise (9DFFBCD6-494F-0158-E221-12823C92A888): 10
LogDevObjectVersion:   Dev-Niagara (F2AED0AC-9AFE-416F-8664-AA7FFA26D6FC): 1
LogDevObjectVersion:   Dev-Destruction (174F1F0B-B4C6-45A5-B13F-2EE8D0FB917D): 10
LogDevObjectVersion:   Dev-Physics-Ext (35F94A83-E258-406C-A318-09F59610247C): 41
LogDevObjectVersion:   Dev-PhysicsMaterial-Chaos (B68FC16E-8B1B-42E2-B453-215C058844FE): 1
LogDevObjectVersion:   Dev-CineCamera (B2E18506-4273-CFC2-A54E-F4BB758BBA07): 1
LogDevObjectVersion:   Dev-VirtualProduction (64F58936-FD1B-42BA-BA96-7289D5D0FA4E): 1
LogDevObjectVersion:   Dev-MediaFramework (6F0ED827-A609-4895-9C91-998D90180EA4): 2
LogInit: Presizing for max 25165824 objects, including 0 objects not considered by GC, pre-allocating 0 bytes for permanent pool.
LogConfig: Applying CVar settings from Section [/Script/Engine.StreamingSettings] File [R:/UnrealProjects/xp4/Jogo_XP4/Saved/Config/Windows/Engine.ini]
LogConfig: Setting CVar [[s.MinBulkDataSizeForAsyncLoading:131072]]
LogConfig: Setting CVar [[s.AsyncLoadingThreadEnabled:0]]
LogConfig: Setting CVar [[s.EventDrivenLoaderEnabled:1]]
LogConfig: Setting CVar [[s.WarnIfTimeLimitExceeded:0]]
LogConfig: Setting CVar [[s.TimeLimitExceededMultiplier:1.5]]
LogConfig: Setting CVar [[s.TimeLimitExceededMinTime:0.005]]
LogConfig: Setting CVar [[s.UseBackgroundLevelStreaming:1]]
LogConfig: Setting CVar [[s.PriorityAsyncLoadingExtraTime:15.0]]
LogConfig: Setting CVar [[s.LevelStreamingActorsUpdateTimeLimit:5.0]]
LogConfig: Setting CVar [[s.PriorityLevelStreamingActorsUpdateExtraTime:5.0]]
LogConfig: Setting CVar [[s.LevelStreamingComponentsRegistrationGranularity:10]]
LogConfig: Setting CVar [[s.UnregisterComponentsTimeLimit:1.0]]
LogConfig: Setting CVar [[s.LevelStreamingComponentsUnregistrationGranularity:5]]
LogConfig: Setting CVar [[s.FlushStreamingOnExit:1]]
LogInit: Object subsystem initialized
LogConfig: Setting CVar [[con.DebugEarlyDefault:1]]
LogConfig: Setting CVar [[r.setres:1280x720]]
[2023.09.09-17.28.58:881][  0]LogConfig: Setting CVar [[r.VSync:0]]
[2023.09.09-17.28.58:881][  0]LogConfig: Setting CVar [[r.RHICmdBypass:0]]
[2023.09.09-17.28.58:906][  0]LogConfig: Applying CVar settings from Section [/Script/Engine.RendererSettings] File [R:/UnrealProjects/xp4/Jogo_XP4/Saved/Config/Windows/Engine.ini]
[2023.09.09-17.28.58:906][  0]LogConfig: Setting CVar [[r.GPUCrashDebugging:0]]
[2023.09.09-17.28.58:906][  0]LogConfig: Applying CVar settings from Section [/Script/Engine.RendererOverrideSettings] File [R:/UnrealProjects/xp4/Jogo_XP4/Saved/Config/Windows/Engine.ini]
[2023.09.09-17.28.58:906][  0]LogConfig: Applying CVar settings from Section [/Script/Engine.StreamingSettings] File [R:/UnrealProjects/xp4/Jogo_XP4/Saved/Config/Windows/Engine.ini]
[2023.09.09-17.28.58:906][  0]LogConfig: Setting CVar [[s.MinBulkDataSizeForAsyncLoading:131072]]
[2023.09.09-17.28.58:906][  0]LogConfig: Setting CVar [[s.AsyncLoadingThreadEnabled:0]]
[2023.09.09-17.28.58:906][  0]LogConfig: Setting CVar [[s.EventDrivenLoaderEnabled:1]]
[2023.09.09-17.28.58:906][  0]LogConfig: Setting CVar [[s.WarnIfTimeLimitExceeded:0]]
[2023.09.09-17.28.58:906][  0]LogConfig: Setting CVar [[s.TimeLimitExceededMultiplier:1.5]]
[2023.09.09-17.28.58:906][  0]LogConfig: Setting CVar [[s.TimeLimitExceededMinTime:0.005]]
[2023.09.09-17.28.58:906][  0]LogConfig: Setting CVar [[s.UseBackgroundLevelStreaming:1]]
[2023.09.09-17.28.58:906][  0]LogConfig: Setting CVar [[s.PriorityAsyncLoadingExtraTime:15.0]]
[2023.09.09-17.28.58:906][  0]LogConfig: Setting CVar [[s.LevelStreamingActorsUpdateTimeLimit:5.0]]
[2023.09.09-17.28.58:906][  0]LogConfig: Setting CVar [[s.PriorityLevelStreamingActorsUpdateExtraTime:5.0]]
[2023.09.09-17.28.58:906][  0]LogConfig: Setting CVar [[s.LevelStreamingComponentsRegistrationGranularity:10]]
[2023.09.09-17.28.58:906][  0]LogConfig: Setting CVar [[s.UnregisterComponentsTimeLimit:1.0]]
[2023.09.09-17.28.58:906][  0]LogConfig: Setting CVar [[s.LevelStreamingComponentsUnregistrationGranularity:5]]
[2023.09.09-17.28.58:906][  0]LogConfig: Setting CVar [[s.FlushStreamingOnExit:1]]
[2023.09.09-17.28.58:906][  0]LogConfig: Applying CVar settings from Section [/Script/Engine.GarbageCollectionSettings] File [R:/UnrealProjects/xp4/Jogo_XP4/Saved/Config/Windows/Engine.ini]
[2023.09.09-17.28.58:906][  0]LogConfig: Setting CVar [[gc.MaxObjectsNotConsideredByGC:1]]
[2023.09.09-17.28.58:906][  0]LogConfig: Setting CVar [[gc.SizeOfPermanentObjectPool:0]]
[2023.09.09-17.28.58:906][  0]LogConfig: Setting CVar [[gc.FlushStreamingOnGC:0]]
[2023.09.09-17.28.58:906][  0]LogConfig: Setting CVar [[gc.NumRetriesBeforeForcingGC:10]]
[2023.09.09-17.28.58:906][  0]LogConfig: Setting CVar [[gc.AllowParallelGC:1]]
[2023.09.09-17.28.58:906][  0]LogConfig: Setting CVar [[gc.TimeBetweenPurgingPendingKillObjects:61.1]]
[2023.09.09-17.28.58:906][  0]LogConfig: Setting CVar [[gc.MaxObjectsInEditor:25165824]]
[2023.09.09-17.28.58:906][  0]LogConfig: Setting CVar [[gc.IncrementalBeginDestroyEnabled:1]]
[2023.09.09-17.28.58:906][  0]LogConfig: Setting CVar [[gc.CreateGCClusters:1]]
[2023.09.09-17.28.58:906][  0]LogConfig: Setting CVar [[gc.MinGCClusterSize:5]]
[2023.09.09-17.28.58:906][  0]LogConfig: Setting CVar [[gc.ActorClusteringEnabled:0]]
[2023.09.09-17.28.58:906][  0]LogConfig: Setting CVar [[gc.BlueprintClusteringEnabled:0]]
[2023.09.09-17.28.58:906][  0]LogConfig: Setting CVar [[gc.UseDisregardForGCOnDedicatedServers:0]]
[2023.09.09-17.28.58:906][  0]LogConfig: Setting CVar [[gc.MultithreadedDestructionEnabled:1]]
[2023.09.09-17.28.58:906][  0]LogConfig: Applying CVar settings from Section [/Script/Engine.NetworkSettings] File [R:/UnrealProjects/xp4/Jogo_XP4/Saved/Config/Windows/Engine.ini]
[2023.09.09-17.28.58:906][  0]LogConfig: Applying CVar settings from Section [/Script/UnrealEd.CookerSettings] File [R:/UnrealProjects/xp4/Jogo_XP4/Saved/Config/Windows/Engine.ini]
[2023.09.09-17.28.59:022][  0]LogConfig: Applying CVar settings from Section [ViewDistanceQuality@3] File [R:/UnrealProjects/xp4/Jogo_XP4/Saved/Config/Windows/Scalability.ini]
[2023.09.09-17.28.59:022][  0]LogConfig: Setting CVar [[r.SkeletalMeshLODBias:0]]
[2023.09.09-17.28.59:022][  0]LogConfig: Setting CVar [[r.ViewDistanceScale:1.0]]
[2023.09.09-17.28.59:022][  0]LogConfig: Applying CVar settings from Section [AntiAliasingQuality@3] File [R:/UnrealProjects/xp4/Jogo_XP4/Saved/Config/Windows/Scalability.ini]
[2023.09.09-17.28.59:022][  0]LogConfig: Setting CVar [[r.PostProcessAAQuality:4]]
[2023.09.09-17.28.59:022][  0]LogConfig: Applying CVar settings from Section [ShadowQuality@3] File [R:/UnrealProjects/xp4/Jogo_XP4/Saved/Config/Windows/Scalability.ini]
[2023.09.09-17.28.59:022][  0]LogConfig: Setting CVar [[r.LightFunctionQuality:1]]
[2023.09.09-17.28.59:022][  0]LogConfig: Setting CVar [[r.ShadowQuality:5]]
[2023.09.09-17.28.59:022][  0]LogConfig: Setting CVar [[r.Shadow.CSM.MaxCascades:10]]
[2023.09.09-17.28.59:022][  0]LogConfig: Setting CVar [[r.Shadow.MaxResolution:2048]]
[2023.09.09-17.28.59:022][  0]LogConfig: Setting CVar [[r.Shadow.MaxCSMResolution:2048]]
[2023.09.09-17.28.59:022][  0]LogConfig: Setting CVar [[r.Shadow.RadiusThreshold:0.01]]
[2023.09.09-17.28.59:022][  0]LogConfig: Setting CVar [[r.Shadow.DistanceScale:1.0]]
[2023.09.09-17.28.59:022][  0]LogConfig: Setting CVar [[r.Shadow.CSM.TransitionScale:1.0]]
[2023.09.09-17.28.59:022][  0]LogConfig: Setting CVar [[r.Shadow.PreShadowResolutionFactor:1.0]]
[2023.09.09-17.28.59:022][  0]LogConfig: Setting CVar [[r.DistanceFieldShadowing:1]]
[2023.09.09-17.28.59:022][  0]LogConfig: Setting CVar [[r.DistanceFieldAO:1]]
[2023.09.09-17.28.59:022][  0]LogConfig: Setting CVar [[r.AOQuality:2]]
[2023.09.09-17.28.59:022][  0]LogConfig: Setting CVar [[r.VolumetricFog:1]]
[2023.09.09-17.28.59:022][  0]LogConfig: Setting CVar [[r.VolumetricFog.GridPixelSize:8]]
[2023.09.09-17.28.59:022][  0]LogConfig: Setting CVar [[r.VolumetricFog.GridSizeZ:128]]
[2023.09.09-17.28.59:022][  0]LogConfig: Setting CVar [[r.VolumetricFog.HistoryMissSupersampleCount:4]]
[2023.09.09-17.28.59:022][  0]LogConfig: Setting CVar [[r.LightMaxDrawDistanceScale:1]]
[2023.09.09-17.28.59:022][  0]LogConfig: Setting CVar [[r.CapsuleShadows:1]]
[2023.09.09-17.28.59:022][  0]LogConfig: Applying CVar settings from Section [PostProcessQuality@3] File [R:/UnrealProjects/xp4/Jogo_XP4/Saved/Config/Windows/Scalability.ini]
[2023.09.09-17.28.59:022][  0]LogConfig: Setting CVar [[r.MotionBlurQuality:4]]
[2023.09.09-17.28.59:022][  0]LogConfig: Setting CVar [[r.AmbientOcclusionMipLevelFactor:0.4]]
[2023.09.09-17.28.59:022][  0]LogConfig: Setting CVar [[r.AmbientOcclusionMaxQuality:100]]
[2023.09.09-17.28.59:022][  0]LogConfig: Setting CVar [[r.AmbientOcclusionLevels:-1]]
[2023.09.09-17.28.59:022][  0]LogConfig: Setting CVar [[r.AmbientOcclusionRadiusScale:1.0]]
[2023.09.09-17.28.59:022][  0]LogConfig: Setting CVar [[r.DepthOfFieldQuality:2]]
[2023.09.09-17.28.59:022][  0]LogConfig: Setting CVar [[r.RenderTargetPoolMin:400]]
[2023.09.09-17.28.59:022][  0]LogConfig: Setting CVar [[r.LensFlareQuality:2]]
[2023.09.09-17.28.59:022][  0]LogConfig: Setting CVar [[r.SceneColorFringeQuality:1]]
[2023.09.09-17.28.59:022][  0]LogConfig: Setting CVar [[r.EyeAdaptationQuality:2]]
[2023.09.09-17.28.59:022][  0]LogConfig: Setting CVar [[r.BloomQuality:5]]
[2023.09.09-17.28.59:022][  0]LogConfig: Setting CVar [[r.FastBlurThreshold:100]]
[2023.09.09-17.28.59:022][  0]LogConfig: Setting CVar [[r.Upscale.Quality:3]]
[2023.09.09-17.28.59:022][  0]LogConfig: Setting CVar [[r.Tonemapper.GrainQuantization:1]]
[2023.09.09-17.28.59:022][  0]LogConfig: Setting CVar [[r.LightShaftQuality:1]]
[2023.09.09-17.28.59:022][  0]LogConfig: Setting CVar [[r.Filter.SizeScale:1]]
[2023.09.09-17.28.59:022][  0]LogConfig: Setting CVar [[r.Tonemapper.Quality:5]]
[2023.09.09-17.28.59:022][  0]LogConfig: Setting CVar [[r.DOF.Gather.AccumulatorQuality:1        ; higher gathering accumulator quality]]
[2023.09.09-17.28.59:022][  0]LogConfig: Setting CVar [[r.DOF.Gather.PostfilterMethod:1          ; Median3x3 postfilering method]]
[2023.09.09-17.28.59:022][  0]LogConfig: Setting CVar [[r.DOF.Gather.EnableBokehSettings:0       ; no bokeh simulation when gathering]]
[2023.09.09-17.28.59:022][  0]LogConfig: Setting CVar [[r.DOF.Gather.RingCount:4                 ; medium number of samples when gathering]]
[2023.09.09-17.28.59:022][  0]LogConfig: Setting CVar [[r.DOF.Scatter.ForegroundCompositing:1    ; additive foreground scattering]]
[2023.09.09-17.28.59:022][  0]LogConfig: Setting CVar [[r.DOF.Scatter.BackgroundCompositing:2    ; additive background scattering]]
[2023.09.09-17.28.59:022][  0]LogConfig: Setting CVar [[r.DOF.Scatter.EnableBokehSettings:1      ; bokeh simulation when scattering]]
[2023.09.09-17.28.59:022][  0]LogConfig: Setting CVar [[r.DOF.Scatter.MaxSpriteRatio:0.1         ; only a maximum of 10% of scattered bokeh]]
[2023.09.09-17.28.59:022][  0]LogConfig: Setting CVar [[r.DOF.Recombine.Quality:1                ; cheap slight out of focus]]
[2023.09.09-17.28.59:022][  0]LogConfig: Setting CVar [[r.DOF.Recombine.EnableBokehSettings:0    ; no bokeh simulation on slight out of focus]]
[2023.09.09-17.28.59:022][  0]LogConfig: Setting CVar [[r.DOF.TemporalAAQuality:1                ; more stable temporal accumulation]]
[2023.09.09-17.28.59:022][  0]LogConfig: Setting CVar [[r.DOF.Kernel.MaxForegroundRadius:0.025]]
[2023.09.09-17.28.59:022][  0]LogConfig: Setting CVar [[r.DOF.Kernel.MaxBackgroundRadius:0.025]]
[2023.09.09-17.28.59:022][  0]LogConfig: Applying CVar settings from Section [TextureQuality@3] File [R:/UnrealProjects/xp4/Jogo_XP4/Saved/Config/Windows/Scalability.ini]
[2023.09.09-17.28.59:022][  0]LogConfig: Setting CVar [[r.Streaming.MipBias:0]]
[2023.09.09-17.28.59:022][  0]LogConfig: Setting CVar [[r.Streaming.AmortizeCPUToGPUCopy:0]]
[2023.09.09-17.28.59:022][  0]LogConfig: Setting CVar [[r.Streaming.MaxNumTexturesToStreamPerFrame:0]]
[2023.09.09-17.28.59:022][  0]LogConfig: Setting CVar [[r.Streaming.Boost:1]]
[2023.09.09-17.28.59:022][  0]LogConfig: Setting CVar [[r.MaxAnisotropy:8]]
[2023.09.09-17.28.59:022][  0]LogConfig: Setting CVar [[r.VT.MaxAnisotropy:8]]
[2023.09.09-17.28.59:022][  0]LogConfig: Setting CVar [[r.Streaming.LimitPoolSizeToVRAM:0]]
[2023.09.09-17.28.59:022][  0]LogConfig: Setting CVar [[r.Streaming.PoolSize:1000]]
[2023.09.09-17.28.59:022][  0]LogConfig: Setting CVar [[r.Streaming.MaxEffectiveScreenSize:0]]
[2023.09.09-17.28.59:022][  0]LogConfig: Applying CVar settings from Section [EffectsQuality@3] File [R:/UnrealProjects/xp4/Jogo_XP4/Saved/Config/Windows/Scalability.ini]
[2023.09.09-17.28.59:022][  0]LogConfig: Setting CVar [[r.TranslucencyLightingVolumeDim:64]]
[2023.09.09-17.28.59:022][  0]LogConfig: Setting CVar [[r.RefractionQuality:2]]
[2023.09.09-17.28.59:022][  0]LogConfig: Setting CVar [[r.SSR.Quality:3]]
[2023.09.09-17.28.59:022][  0]LogConfig: Setting CVar [[r.SSR.HalfResSceneColor:0]]
[2023.09.09-17.28.59:022][  0]LogConfig: Setting CVar [[r.SceneColorFormat:4]]
[2023.09.09-17.28.59:022][  0]LogConfig: Setting CVar [[r.DetailMode:2]]
[2023.09.09-17.28.59:022][  0]LogConfig: Setting CVar [[r.TranslucencyVolumeBlur:1]]
[2023.09.09-17.28.59:022][  0]LogConfig: Setting CVar [[r.MaterialQualityLevel:1 ; High quality]]
[2023.09.09-17.28.59:022][  0]LogConfig: Setting CVar [[r.AnisotropicMaterials:1]]
[2023.09.09-17.28.59:022][  0]LogConfig: Setting CVar [[r.SSS.Scale:1]]
[2023.09.09-17.28.59:022][  0]LogConfig: Setting CVar [[r.SSS.SampleSet:2]]
[2023.09.09-17.28.59:022][  0]LogConfig: Setting CVar [[r.SSS.Quality:1]]
[2023.09.09-17.28.59:022][  0]LogConfig: Setting CVar [[r.SSS.HalfRes:0]]
[2023.09.09-17.28.59:022][  0]LogConfig: Setting CVar [[r.SSGI.Quality:3]]
[2023.09.09-17.28.59:022][  0]LogConfig: Setting CVar [[r.EmitterSpawnRateScale:1.0]]
[2023.09.09-17.28.59:022][  0]LogConfig: Setting CVar [[r.ParticleLightQuality:2]]
[2023.09.09-17.28.59:022][  0]LogConfig: Setting CVar [[r.SkyAtmosphere.AerialPerspectiveLUT.FastApplyOnOpaque:1 ; Always have FastSkyLUT 1 in this case to avoid wrong sky]]
[2023.09.09-17.28.59:022][  0]LogConfig: Setting CVar [[r.SkyAtmosphere.AerialPerspectiveLUT.SampleCountMaxPerSlice:4]]
[2023.09.09-17.28.59:022][  0]LogConfig: Setting CVar [[r.SkyAtmosphere.AerialPerspectiveLUT.DepthResolution:16.0]]
[2023.09.09-17.28.59:023][  0]LogConfig: Setting CVar [[r.SkyAtmosphere.FastSkyLUT:1]]
[2023.09.09-17.28.59:023][  0]LogConfig: Setting CVar [[r.SkyAtmosphere.FastSkyLUT.SampleCountMin:4.0]]
[2023.09.09-17.28.59:023][  0]LogConfig: Setting CVar [[r.SkyAtmosphere.FastSkyLUT.SampleCountMax:128.0]]
[2023.09.09-17.28.59:023][  0]LogConfig: Setting CVar [[r.SkyAtmosphere.SampleCountMin:4.0]]
[2023.09.09-17.28.59:023][  0]LogConfig: Setting CVar [[r.SkyAtmosphere.SampleCountMax:128.0]]
[2023.09.09-17.28.59:023][  0]LogConfig: Setting CVar [[r.SkyAtmosphere.TransmittanceLUT.UseSmallFormat:0]]
[2023.09.09-17.28.59:023][  0]LogConfig: Setting CVar [[r.SkyAtmosphere.TransmittanceLUT.SampleCount:10.0]]
[2023.09.09-17.28.59:023][  0]LogConfig: Setting CVar [[r.SkyAtmosphere.MultiScatteringLUT.SampleCount:15.0]]
[2023.09.09-17.28.59:023][  0]LogConfig: Setting CVar [[r.SkyLight.RealTimeReflectionCapture:1]]
[2023.09.09-17.28.59:023][  0]LogConfig: Applying CVar settings from Section [FoliageQuality@3] File [R:/UnrealProjects/xp4/Jogo_XP4/Saved/Config/Windows/Scalability.ini]
[2023.09.09-17.28.59:023][  0]LogConfig: Setting CVar [[foliage.DensityScale:1.0]]
[2023.09.09-17.28.59:023][  0]LogConfig: Setting CVar [[grass.DensityScale:1.0]]
[2023.09.09-17.28.59:023][  0]LogConfig: Applying CVar settings from Section [ShadingQuality@3] File [R:/UnrealProjects/xp4/Jogo_XP4/Saved/Config/Windows/Scalability.ini]
[2023.09.09-17.28.59:023][  0]LogConfig: Setting CVar [[r.HairStrands.SkyLighting.IntegrationType:2]]
[2023.09.09-17.28.59:023][  0]LogConfig: Setting CVar [[r.HairStrands.SkyAO.SampleCount:4]]
[2023.09.09-17.28.59:023][  0]LogConfig: Setting CVar [[r.HairStrands.Visibility.MSAA.SamplePerPixel:4]]
[2023.09.09-17.28.59:031][  0]LogInit: Selected Device Profile: [Windows]
[2023.09.09-17.28.59:039][  0]LogInit: Applying CVar settings loaded from the selected device profile: [Windows]
[2023.09.09-17.28.59:053][  0]LogHAL: Display: Platform has ~ 16 GB [17112772608 / 17179869184 / 16], which maps to Larger [LargestMinGB=32, LargerMinGB=12, DefaultMinGB=8, SmallerMinGB=6, SmallestMinGB=0)
[2023.09.09-17.28.59:053][  0]LogInit: Going up to parent DeviceProfile []
[2023.09.09-17.28.59:057][  0]LogConfig: Applying CVar settings from Section [ViewDistanceQuality@3] File [R:/UnrealProjects/xp4/Jogo_XP4/Saved/Config/Windows/Scalability.ini]
[2023.09.09-17.28.59:057][  0]LogConfig: Setting CVar [[r.SkeletalMeshLODBias:0]]
[2023.09.09-17.28.59:057][  0]LogConfig: Setting CVar [[r.ViewDistanceScale:1.0]]
[2023.09.09-17.28.59:057][  0]LogConfig: Applying CVar settings from Section [AntiAliasingQuality@3] File [R:/UnrealProjects/xp4/Jogo_XP4/Saved/Config/Windows/Scalability.ini]
[2023.09.09-17.28.59:057][  0]LogConfig: Setting CVar [[r.PostProcessAAQuality:4]]
[2023.09.09-17.28.59:057][  0]LogConfig: Applying CVar settings from Section [ShadowQuality@3] File [R:/UnrealProjects/xp4/Jogo_XP4/Saved/Config/Windows/Scalability.ini]
[2023.09.09-17.28.59:057][  0]LogConfig: Setting CVar [[r.LightFunctionQuality:1]]
[2023.09.09-17.28.59:057][  0]LogConfig: Setting CVar [[r.ShadowQuality:5]]
[2023.09.09-17.28.59:057][  0]LogConfig: Setting CVar [[r.Shadow.CSM.MaxCascades:10]]
[2023.09.09-17.28.59:057][  0]LogConfig: Setting CVar [[r.Shadow.MaxResolution:2048]]
[2023.09.09-17.28.59:057][  0]LogConfig: Setting CVar [[r.Shadow.MaxCSMResolution:2048]]
[2023.09.09-17.28.59:057][  0]LogConfig: Setting CVar [[r.Shadow.RadiusThreshold:0.01]]
[2023.09.09-17.28.59:057][  0]LogConfig: Setting CVar [[r.Shadow.DistanceScale:1.0]]
[2023.09.09-17.28.59:057][  0]LogConfig: Setting CVar [[r.Shadow.CSM.TransitionScale:1.0]]
[2023.09.09-17.28.59:057][  0]LogConfig: Setting CVar [[r.Shadow.PreShadowResolutionFactor:1.0]]
[2023.09.09-17.28.59:057][  0]LogConfig: Setting CVar [[r.DistanceFieldShadowing:1]]
[2023.09.09-17.28.59:057][  0]LogConfig: Setting CVar [[r.DistanceFieldAO:1]]
[2023.09.09-17.28.59:057][  0]LogConfig: Setting CVar [[r.AOQuality:2]]
[2023.09.09-17.28.59:057][  0]LogConfig: Setting CVar [[r.VolumetricFog:1]]
[2023.09.09-17.28.59:057][  0]LogConfig: Setting CVar [[r.VolumetricFog.GridPixelSize:8]]
[2023.09.09-17.28.59:057][  0]LogConfig: Setting CVar [[r.VolumetricFog.GridSizeZ:128]]
[2023.09.09-17.28.59:057][  0]LogConfig: Setting CVar [[r.VolumetricFog.HistoryMissSupersampleCount:4]]
[2023.09.09-17.28.59:057][  0]LogConfig: Setting CVar [[r.LightMaxDrawDistanceScale:1]]
[2023.09.09-17.28.59:057][  0]LogConfig: Setting CVar [[r.CapsuleShadows:1]]
[2023.09.09-17.28.59:057][  0]LogConfig: Applying CVar settings from Section [PostProcessQuality@3] File [R:/UnrealProjects/xp4/Jogo_XP4/Saved/Config/Windows/Scalability.ini]
[2023.09.09-17.28.59:057][  0]LogConfig: Setting CVar [[r.MotionBlurQuality:4]]
[2023.09.09-17.28.59:057][  0]LogConfig: Setting CVar [[r.AmbientOcclusionMipLevelFactor:0.4]]
[2023.09.09-17.28.59:057][  0]LogConfig: Setting CVar [[r.AmbientOcclusionMaxQuality:100]]
[2023.09.09-17.28.59:057][  0]LogConfig: Setting CVar [[r.AmbientOcclusionLevels:-1]]
[2023.09.09-17.28.59:057][  0]LogConfig: Setting CVar [[r.AmbientOcclusionRadiusScale:1.0]]
[2023.09.09-17.28.59:057][  0]LogConfig: Setting CVar [[r.DepthOfFieldQuality:2]]
[2023.09.09-17.28.59:057][  0]LogConfig: Setting CVar [[r.RenderTargetPoolMin:400]]
[2023.09.09-17.28.59:057][  0]LogConfig: Setting CVar [[r.LensFlareQuality:2]]
[2023.09.09-17.28.59:057][  0]LogConfig: Setting CVar [[r.SceneColorFringeQuality:1]]
[2023.09.09-17.28.59:057][  0]LogConfig: Setting CVar [[r.EyeAdaptationQuality:2]]
[2023.09.09-17.28.59:057][  0]LogConfig: Setting CVar [[r.BloomQuality:5]]
[2023.09.09-17.28.59:057][  0]LogConfig: Setting CVar [[r.FastBlurThreshold:100]]
[2023.09.09-17.28.59:057][  0]LogConfig: Setting CVar [[r.Upscale.Quality:3]]
[2023.09.09-17.28.59:057][  0]LogConfig: Setting CVar [[r.Tonemapper.GrainQuantization:1]]
[2023.09.09-17.28.59:057][  0]LogConfig: Setting CVar [[r.LightShaftQuality:1]]
[2023.09.09-17.28.59:057][  0]LogConfig: Setting CVar [[r.Filter.SizeScale:1]]
[2023.09.09-17.28.59:057][  0]LogConfig: Setting CVar [[r.Tonemapper.Quality:5]]
[2023.09.09-17.28.59:057][  0]LogConfig: Setting CVar [[r.DOF.Gather.AccumulatorQuality:1        ; higher gathering accumulator quality]]
[2023.09.09-17.28.59:057][  0]LogConfig: Setting CVar [[r.DOF.Gather.PostfilterMethod:1          ; Median3x3 postfilering method]]
[2023.09.09-17.28.59:058][  0]LogConfig: Setting CVar [[r.DOF.Gather.EnableBokehSettings:0       ; no bokeh simulation when gathering]]
[2023.09.09-17.28.59:058][  0]LogConfig: Setting CVar [[r.DOF.Gather.RingCount:4                 ; medium number of samples when gathering]]
[2023.09.09-17.28.59:058][  0]LogConfig: Setting CVar [[r.DOF.Scatter.ForegroundCompositing:1    ; additive foreground scattering]]
[2023.09.09-17.28.59:058][  0]LogConfig: Setting CVar [[r.DOF.Scatter.BackgroundCompositing:2    ; additive background scattering]]
[2023.09.09-17.28.59:058][  0]LogConfig: Setting CVar [[r.DOF.Scatter.EnableBokehSettings:1      ; bokeh simulation when scattering]]
[2023.09.09-17.28.59:058][  0]LogConfig: Setting CVar [[r.DOF.Scatter.MaxSpriteRatio:0.1         ; only a maximum of 10% of scattered bokeh]]
[2023.09.09-17.28.59:058][  0]LogConfig: Setting CVar [[r.DOF.Recombine.Quality:1                ; cheap slight out of focus]]
[2023.09.09-17.28.59:058][  0]LogConfig: Setting CVar [[r.DOF.Recombine.EnableBokehSettings:0    ; no bokeh simulation on slight out of focus]]
[2023.09.09-17.28.59:058][  0]LogConfig: Setting CVar [[r.DOF.TemporalAAQuality:1                ; more stable temporal accumulation]]
[2023.09.09-17.28.59:058][  0]LogConfig: Setting CVar [[r.DOF.Kernel.MaxForegroundRadius:0.025]]
[2023.09.09-17.28.59:058][  0]LogConfig: Setting CVar [[r.DOF.Kernel.MaxBackgroundRadius:0.025]]
[2023.09.09-17.28.59:058][  0]LogConfig: Applying CVar settings from Section [TextureQuality@3] File [R:/UnrealProjects/xp4/Jogo_XP4/Saved/Config/Windows/Scalability.ini]
[2023.09.09-17.28.59:058][  0]LogConfig: Setting CVar [[r.Streaming.MipBias:0]]
[2023.09.09-17.28.59:058][  0]LogConfig: Setting CVar [[r.Streaming.AmortizeCPUToGPUCopy:0]]
[2023.09.09-17.28.59:058][  0]LogConfig: Setting CVar [[r.Streaming.MaxNumTexturesToStreamPerFrame:0]]
[2023.09.09-17.28.59:058][  0]LogConfig: Setting CVar [[r.Streaming.Boost:1]]
[2023.09.09-17.28.59:058][  0]LogConfig: Setting CVar [[r.MaxAnisotropy:8]]
[2023.09.09-17.28.59:058][  0]LogConfig: Setting CVar [[r.VT.MaxAnisotropy:8]]
[2023.09.09-17.28.59:058][  0]LogConfig: Setting CVar [[r.Streaming.LimitPoolSizeToVRAM:0]]
[2023.09.09-17.28.59:058][  0]LogConfig: Setting CVar [[r.Streaming.PoolSize:1000]]
[2023.09.09-17.28.59:058][  0]LogConfig: Setting CVar [[r.Streaming.MaxEffectiveScreenSize:0]]
[2023.09.09-17.28.59:058][  0]LogConfig: Applying CVar settings from Section [EffectsQuality@3] File [R:/UnrealProjects/xp4/Jogo_XP4/Saved/Config/Windows/Scalability.ini]
[2023.09.09-17.28.59:058][  0]LogConfig: Setting CVar [[r.TranslucencyLightingVolumeDim:64]]
[2023.09.09-17.28.59:058][  0]LogConfig: Setting CVar [[r.RefractionQuality:2]]
[2023.09.09-17.28.59:058][  0]LogConfig: Setting CVar [[r.SSR.Quality:3]]
[2023.09.09-17.28.59:058][  0]LogConfig: Setting CVar [[r.SSR.HalfResSceneColor:0]]
[2023.09.09-17.28.59:058][  0]LogConfig: Setting CVar [[r.SceneColorFormat:4]]
[2023.09.09-17.28.59:058][  0]LogConfig: Setting CVar [[r.DetailMode:2]]
[2023.09.09-17.28.59:058][  0]LogConfig: Setting CVar [[r.TranslucencyVolumeBlur:1]]
[2023.09.09-17.28.59:058][  0]LogConfig: Setting CVar [[r.MaterialQualityLevel:1 ; High quality]]
[2023.09.09-17.28.59:058][  0]LogConfig: Setting CVar [[r.AnisotropicMaterials:1]]
[2023.09.09-17.28.59:058][  0]LogConfig: Setting CVar [[r.SSS.Scale:1]]
[2023.09.09-17.28.59:058][  0]LogConfig: Setting CVar [[r.SSS.SampleSet:2]]
[2023.09.09-17.28.59:058][  0]LogConfig: Setting CVar [[r.SSS.Quality:1]]
[2023.09.09-17.28.59:058][  0]LogConfig: Setting CVar [[r.SSS.HalfRes:0]]
[2023.09.09-17.28.59:058][  0]LogConfig: Setting CVar [[r.SSGI.Quality:3]]
[2023.09.09-17.28.59:058][  0]LogConfig: Setting CVar [[r.EmitterSpawnRateScale:1.0]]
[2023.09.09-17.28.59:058][  0]LogConfig: Setting CVar [[r.ParticleLightQuality:2]]
[2023.09.09-17.28.59:058][  0]LogConfig: Setting CVar [[r.SkyAtmosphere.AerialPerspectiveLUT.FastApplyOnOpaque:1 ; Always have FastSkyLUT 1 in this case to avoid wrong sky]]
[2023.09.09-17.28.59:058][  0]LogConfig: Setting CVar [[r.SkyAtmosphere.AerialPerspectiveLUT.SampleCountMaxPerSlice:4]]
[2023.09.09-17.28.59:058][  0]LogConfig: Setting CVar [[r.SkyAtmosphere.AerialPerspectiveLUT.DepthResolution:16.0]]
[2023.09.09-17.28.59:058][  0]LogConfig: Setting CVar [[r.SkyAtmosphere.FastSkyLUT:1]]
[2023.09.09-17.28.59:058][  0]LogConfig: Setting CVar [[r.SkyAtmosphere.FastSkyLUT.SampleCountMin:4.0]]
[2023.09.09-17.28.59:058][  0]LogConfig: Setting CVar [[r.SkyAtmosphere.FastSkyLUT.SampleCountMax:128.0]]
[2023.09.09-17.28.59:058][  0]LogConfig: Setting CVar [[r.SkyAtmosphere.SampleCountMin:4.0]]
[2023.09.09-17.28.59:058][  0]LogConfig: Setting CVar [[r.SkyAtmosphere.SampleCountMax:128.0]]
[2023.09.09-17.28.59:058][  0]LogConfig: Setting CVar [[r.SkyAtmosphere.TransmittanceLUT.UseSmallFormat:0]]
[2023.09.09-17.28.59:058][  0]LogConfig: Setting CVar [[r.SkyAtmosphere.TransmittanceLUT.SampleCount:10.0]]
[2023.09.09-17.28.59:058][  0]LogConfig: Setting CVar [[r.SkyAtmosphere.MultiScatteringLUT.SampleCount:15.0]]
[2023.09.09-17.28.59:058][  0]LogConfig: Setting CVar [[r.SkyLight.RealTimeReflectionCapture:1]]
[2023.09.09-17.28.59:058][  0]LogConfig: Applying CVar settings from Section [FoliageQuality@3] File [R:/UnrealProjects/xp4/Jogo_XP4/Saved/Config/Windows/Scalability.ini]
[2023.09.09-17.28.59:058][  0]LogConfig: Setting CVar [[foliage.DensityScale:1.0]]
[2023.09.09-17.28.59:058][  0]LogConfig: Setting CVar [[grass.DensityScale:1.0]]
[2023.09.09-17.28.59:058][  0]LogConfig: Applying CVar settings from Section [ShadingQuality@3] File [R:/UnrealProjects/xp4/Jogo_XP4/Saved/Config/Windows/Scalability.ini]
[2023.09.09-17.28.59:058][  0]LogConfig: Setting CVar [[r.HairStrands.SkyLighting.IntegrationType:2]]
[2023.09.09-17.28.59:058][  0]LogConfig: Setting CVar [[r.HairStrands.SkyAO.SampleCount:4]]
[2023.09.09-17.28.59:058][  0]LogConfig: Setting CVar [[r.HairStrands.Visibility.MSAA.SamplePerPixel:4]]
[2023.09.09-17.28.59:058][  0]LogConfig: Applying CVar settings from Section [Startup] File [../../../Engine/Config/ConsoleVariables.ini]
[2023.09.09-17.28.59:067][  0]LogConfig: Setting CVar [[net.UseAdaptiveNetUpdateFrequency:0]]
[2023.09.09-17.28.59:067][  0]LogConfig: Setting CVar [[p.chaos.AllowCreatePhysxBodies:1]]
[2023.09.09-17.28.59:067][  0]LogConfig: Setting CVar [[fx.SkipVectorVMBackendOptimizations:1]]
[2023.09.09-17.28.59:067][  0]LogConfig: Applying CVar settings from Section [ConsoleVariables] File [R:/UnrealProjects/xp4/Jogo_XP4/Saved/Config/Windows/Engine.ini]
[2023.09.09-17.28.59:067][  0]LogConfig: Applying CVar settings from Section [ConsoleVariables] File [R:/UnrealProjects/xp4/Jogo_XP4/Saved/Config/Windows/Editor.ini]
[2023.09.09-17.28.59:097][  0]LogInit: Computer: EPAMINONDAS
[2023.09.09-17.28.59:097][  0]LogInit: User: rodri
[2023.09.09-17.28.59:097][  0]LogInit: CPU Page size=4096, Cores=4
[2023.09.09-17.28.59:097][  0]LogInit: High frequency timer resolution =10.000000 MHz
[2023.09.09-17.28.59:097][  0]LogMemory: Memory total: Physical=15.9GB (16GB approx)
[2023.09.09-17.28.59:097][  0]LogMemory: Platform Memory Stats for Windows
[2023.09.09-17.28.59:097][  0]LogMemory: Process Physical Memory: 142.00 MB used, 142.00 MB peak
[2023.09.09-17.28.59:097][  0]LogMemory: Process Virtual Memory: 111.30 MB used, 111.30 MB peak
[2023.09.09-17.28.59:097][  0]LogMemory: Physical Memory: 7210.84 MB used,  9109.17 MB free, 16320.01 MB total
[2023.09.09-17.28.59:097][  0]LogMemory: Virtual Memory: 134191136.00 MB used,  26593.38 MB free, 134217728.00 MB total
[2023.09.09-17.28.59:115][  0]LogWindows: WindowsPlatformFeatures enabled
[2023.09.09-17.29.00:045][  0]LogInit: Physics initialised using underlying interface: PhysX
[2023.09.09-17.29.00:082][  0]LogInit: Using OS detected language (pt-BR).
[2023.09.09-17.29.00:082][  0]LogInit: Using OS detected locale (pt-BR).
[2023.09.09-17.29.00:223][  0]LogTextLocalizationResource: LocRes '../../../Engine/Content/Localization/Editor/pt/Editor.locres' could not be opened for reading!
[2023.09.09-17.29.00:223][  0]LogTextLocalizationResource: LocRes '../../../Engine/Content/Localization/EditorTutorials/pt/EditorTutorials.locres' could not be opened for reading!
[2023.09.09-17.29.00:223][  0]LogTextLocalizationResource: LocRes '../../../Engine/Content/Localization/Keywords/pt/Keywords.locres' could not be opened for reading!
[2023.09.09-17.29.00:223][  0]LogTextLocalizationResource: LocRes '../../../Engine/Content/Localization/Category/pt/Category.locres' could not be opened for reading!
[2023.09.09-17.29.00:223][  0]LogTextLocalizationResource: LocRes '../../../Engine/Content/Localization/ToolTips/pt/ToolTips.locres' could not be opened for reading!
[2023.09.09-17.29.00:223][  0]LogTextLocalizationResource: LocRes '../../../Engine/Content/Localization/PropertyNames/pt/PropertyNames.locres' could not be opened for reading!
[2023.09.09-17.29.00:223][  0]LogTextLocalizationResource: LocRes '../../../Engine/Content/Localization/Engine/pt/Engine.locres' could not be opened for reading!
[2023.09.09-17.29.00:223][  0]LogTextLocalizationResource: LocRes '../../../Engine/Plugins/Online/OnlineSubsystem/Content/Localization/OnlineSubsystem/pt/OnlineSubsystem.locres' could not be opened for reading!
[2023.09.09-17.29.00:223][  0]LogTextLocalizationResource: LocRes '../../../Engine/Plugins/Online/OnlineSubsystemUtils/Content/Localization/OnlineSubsystemUtils/pt/OnlineSubsystemUtils.locres' could not be opened for reading!
[2023.09.09-17.29.00:223][  0]LogTextLocalizationResource: LocRes '../../../Engine/Plugins/Online/Android/OnlineSubsystemGooglePlay/Content/Localization/OnlineSubsystemGooglePlay/pt/OnlineSubsystemGooglePlay.locres' could not be opened for reading!
[2023.09.09-17.29.00:223][  0]LogTextLocalizationResource: LocRes '../../../Engine/Plugins/Online/IOS/OnlineSubsystemIOS/Content/Localization/OnlineSubsystemIOS/pt/OnlineSubsystemIOS.locres' could not be opened for reading!
[2023.09.09-17.29.00:250][  0]LogInit: Setting process to per monitor DPI aware
[2023.09.09-17.29.00:468][  0]LogWindowsTextInputMethodSystem: Display: IME system deactivated.
[2023.09.09-17.29.01:033][  0]LogSlate: New Slate User Created.  User Index 0, Is Virtual User: 0
[2023.09.09-17.29.01:033][  0]LogSlate: Slate User Registered.  User Index 0, Is Virtual User: 0
[2023.09.09-17.29.02:413][  0]LogD3D11RHI: Loaded GFSDK_Aftermath_Lib.x64.dll
[2023.09.09-17.29.02:449][  0]LogHMD: Failed to initialize OpenVR with code 110
[2023.09.09-17.29.02:449][  0]LogD3D11RHI: D3D11 min allowed feature level: 11_0
[2023.09.09-17.29.02:449][  0]LogD3D11RHI: D3D11 max allowed feature level: 11_0
[2023.09.09-17.29.02:449][  0]LogD3D11RHI: D3D11 adapters:
[2023.09.09-17.29.03:200][  0]LogD3D11RHI:    0. 'NVIDIA GeForce RTX 2060' (Feature Level 11_0)
[2023.09.09-17.29.03:200][  0]LogD3D11RHI:       12075/0/8160 MB DedicatedVideo/DedicatedSystem/SharedSystem, Outputs:2, VendorId:0x10de
[2023.09.09-17.29.03:202][  0]LogD3D11RHI:    1. 'Microsoft Basic Render Driver' (Feature Level 11_0)
[2023.09.09-17.29.03:202][  0]LogD3D11RHI:       0/0/8160 MB DedicatedVideo/DedicatedSystem/SharedSystem, Outputs:0, VendorId:0x1414
[2023.09.09-17.29.03:202][  0]LogD3D11RHI: Chosen D3D11 Adapter:
[2023.09.09-17.29.03:202][  0]LogD3D11RHI:     Description : NVIDIA GeForce RTX 2060
[2023.09.09-17.29.03:202][  0]LogD3D11RHI:     VendorId    : 10de
[2023.09.09-17.29.03:202][  0]LogD3D11RHI:     DeviceId    : 1f03
[2023.09.09-17.29.03:202][  0]LogD3D11RHI:     SubSysId    : c7571462
[2023.09.09-17.29.03:202][  0]LogD3D11RHI:     Revision    : 00a1
[2023.09.09-17.29.03:202][  0]LogD3D11RHI:     DedicatedVideoMemory : 12661555200 bytes
[2023.09.09-17.29.03:202][  0]LogD3D11RHI:     DedicatedSystemMemory : 0 bytes
[2023.09.09-17.29.03:202][  0]LogD3D11RHI:     SharedSystemMemory : 8556386304 bytes
[2023.09.09-17.29.03:202][  0]LogD3D11RHI:     AdapterLuid : 0 61363
[2023.09.09-17.29.03:235][  0]LogD3D11RHI: Creating new Direct3DDevice
[2023.09.09-17.29.03:235][  0]LogD3D11RHI:     GPU DeviceId: 0x1f03 (for the marketing name, search the web for "GPU Device Id")
[2023.09.09-17.29.03:235][  0]LogWindows: EnumDisplayDevices:
[2023.09.09-17.29.03:235][  0]LogWindows:    0. 'NVIDIA GeForce RTX 2060' (P:1 D:1)
[2023.09.09-17.29.03:235][  0]LogWindows:    1. 'NVIDIA GeForce RTX 2060' (P:0 D:1)
[2023.09.09-17.29.03:235][  0]LogWindows:    2. 'NVIDIA GeForce RTX 2060' (P:0 D:0)
[2023.09.09-17.29.03:236][  0]LogWindows:    3. 'NVIDIA GeForce RTX 2060' (P:0 D:0)
[2023.09.09-17.29.03:236][  0]LogWindows: DebugString: FoundDriverCount:4 
[2023.09.09-17.29.03:236][  0]LogD3D11RHI:     Adapter Name: NVIDIA GeForce RTX 2060
[2023.09.09-17.29.03:236][  0]LogD3D11RHI:   Driver Version: 537.13 (internal:31.0.15.3713, unified:537.13)
[2023.09.09-17.29.03:236][  0]LogD3D11RHI:      Driver Date: 8-14-2023
[2023.09.09-17.29.03:236][  0]LogRHI: Texture pool is 8452 MB (70% of 12075 MB)
[2023.09.09-17.29.03:236][  0]LogD3D11RHI: Creating D3DDevice using adapter:
[2023.09.09-17.29.03:236][  0]LogD3D11RHI:     Description : NVIDIA GeForce RTX 2060
[2023.09.09-17.29.03:236][  0]LogD3D11RHI:     VendorId    : 10de
[2023.09.09-17.29.03:236][  0]LogD3D11RHI:     DeviceId    : 1f03
[2023.09.09-17.29.03:236][  0]LogD3D11RHI:     SubSysId    : c7571462
[2023.09.09-17.29.03:236][  0]LogD3D11RHI:     Revision    : 00a1
[2023.09.09-17.29.03:236][  0]LogD3D11RHI:     DedicatedVideoMemory : 12661555200 bytes
[2023.09.09-17.29.03:236][  0]LogD3D11RHI:     DedicatedSystemMemory : 0 bytes
[2023.09.09-17.29.03:236][  0]LogD3D11RHI:     SharedSystemMemory : 8556386304 bytes
[2023.09.09-17.29.03:236][  0]LogD3D11RHI:     AdapterLuid : 0 61363
[2023.09.09-17.29.03:323][  0]LogD3D11RHI: RHI has support for 64 bit atomics
[2023.09.09-17.29.03:343][  0]LogD3D11RHI: Async texture creation enabled
[2023.09.09-17.29.03:343][  0]LogD3D11RHI: Array index from any shader is supported
[2023.09.09-17.29.03:345][  0]LogD3D11RHI: HDR output is supported on display 0 (NvId: 0x80061086).
[2023.09.09-17.29.03:902][  0]LogD3D11RHI: GPU Timing Frequency: 1000.000000 (Debug: 2 1)
[2023.09.09-17.29.04:000][  0]LogRHI: GeForceNow SDK initialized: 1
[2023.09.09-17.29.05:015][  0]LogTargetPlatformManager: Display: Loaded TargetPlatform 'AllDesktop'
[2023.09.09-17.29.05:063][  0]LogTargetPlatformManager: Display: Loaded TargetPlatform 'Android'
[2023.09.09-17.29.05:063][  0]LogTargetPlatformManager: Display: Loaded TargetPlatform 'Android_ASTC'
[2023.09.09-17.29.05:063][  0]LogTargetPlatformManager: Display: Loaded TargetPlatform 'Android_DXT'
[2023.09.09-17.29.05:063][  0]LogTargetPlatformManager: Display: Loaded TargetPlatform 'Android_ETC2'
[2023.09.09-17.29.05:063][  0]LogTargetPlatformManager: Display: Loaded TargetPlatform 'AndroidClient'
[2023.09.09-17.29.05:063][  0]LogTargetPlatformManager: Display: Loaded TargetPlatform 'Android_ASTCClient'
[2023.09.09-17.29.05:063][  0]LogTargetPlatformManager: Display: Loaded TargetPlatform 'Android_DXTClient'
[2023.09.09-17.29.05:063][  0]LogTargetPlatformManager: Display: Loaded TargetPlatform 'Android_ETC2Client'
[2023.09.09-17.29.05:063][  0]LogTargetPlatformManager: Display: Loaded TargetPlatform 'Android_Multi'
[2023.09.09-17.29.05:063][  0]LogTargetPlatformManager: Display: Loaded TargetPlatform 'Android_MultiClient'
[2023.09.09-17.29.05:133][  0]LogTargetPlatformManager: Display: Loaded TargetPlatform 'IOSClient'
[2023.09.09-17.29.05:133][  0]LogTargetPlatformManager: Display: Loaded TargetPlatform 'IOS'
[2023.09.09-17.29.05:168][  0]LogTargetPlatformManager: Display: Loaded TargetPlatform 'Linux'
[2023.09.09-17.29.05:183][  0]LogTargetPlatformManager: Display: Loaded TargetPlatform 'LinuxNoEditor'
[2023.09.09-17.29.05:204][  0]LogTargetPlatformManager: Display: Loaded TargetPlatform 'LinuxClient'
[2023.09.09-17.29.05:210][  0]LogTargetPlatformManager: Display: Loaded TargetPlatform 'LinuxServer'
[2023.09.09-17.29.05:236][  0]LogTargetPlatformManager: Display: Loaded TargetPlatform 'LinuxAArch64NoEditor'
[2023.09.09-17.29.05:264][  0]LogTargetPlatformManager: Display: Loaded TargetPlatform 'LinuxAArch64Client'
[2023.09.09-17.29.05:283][  0]LogTargetPlatformManager: Display: Loaded TargetPlatform 'LinuxAArch64Server'
[2023.09.09-17.29.05:316][  0]LogTargetPlatformManager: Display: Loaded TargetPlatform 'Lumin'
[2023.09.09-17.29.05:316][  0]LogTargetPlatformManager: Display: Loaded TargetPlatform 'LuminClient'
[2023.09.09-17.29.05:336][  0]LogTargetPlatformManager: Display: Loaded TargetPlatform 'MacNoEditor'
[2023.09.09-17.29.05:352][  0]LogTargetPlatformManager: Display: Loaded TargetPlatform 'Mac'
[2023.09.09-17.29.05:363][  0]LogTargetPlatformManager: Display: Loaded TargetPlatform 'MacClient'
[2023.09.09-17.29.05:378][  0]LogTargetPlatformManager: Display: Loaded TargetPlatform 'MacServer'
[2023.09.09-17.29.05:395][  0]LogTargetPlatformManager: Display: Loaded TargetPlatform 'TVOSClient'
[2023.09.09-17.29.05:395][  0]LogTargetPlatformManager: Display: Loaded TargetPlatform 'TVOS'
[2023.09.09-17.29.05:427][  0]LogTargetPlatformManager: Display: Loaded TargetPlatform 'WindowsNoEditor'
[2023.09.09-17.29.05:447][  0]LogTargetPlatformManager: Display: Loaded TargetPlatform 'Windows'
[2023.09.09-17.29.05:463][  0]LogTargetPlatformManager: Display: Loaded TargetPlatform 'WindowsClient'
[2023.09.09-17.29.05:469][  0]LogTargetPlatformManager: Display: Loaded TargetPlatform 'WindowsServer'
[2023.09.09-17.29.05:469][  0]LogTargetPlatformManager: Display: Building Assets For Windows
[2023.09.09-17.29.05:590][  0]LogAudioDebug: Display: Lib vorbis DLL was dynamically loaded.
[2023.09.09-17.29.05:900][  0]LogTextureFormatOodle: Display: Oodle Texture 2.9.0 init RDO Off
[2023.09.09-17.29.06:769][  0]LogRendererCore: Ray tracing is disabled. Reason: r.RayTracing=0.
[2023.09.09-17.29.06:823][  0]LogShaderCompilers: Guid format shader working directory is 16 characters bigger than the processId version (R:/UnrealProjects/xp4/Jogo_XP4/Intermediate/Shaders/WorkingDirectory/9148/).
[2023.09.09-17.29.06:824][  0]LogShaderCompilers: Cleaned the shader compiler working directory 'C:/Users/rodri/AppData/Local/Temp/UnrealShaderWorkingDir/5C1FC0B84CE24B13B42EBCAC81AD5D81/'.
[2023.09.09-17.29.06:828][  0]LogXGEController: Cannot use XGE Controller as Incredibuild is not installed on this machine.
[2023.09.09-17.29.06:828][  0]LogShaderCompilers: Cannot use XGE Shader Compiler as Incredibuild is not installed on this machine.
[2023.09.09-17.29.06:828][  0]LogShaderCompilers: Display: Using Local Shader Compiler.
[2023.09.09-17.29.10:116][  0]LogDerivedDataCache: Display: Max Cache Size: 512 MB
[2023.09.09-17.29.10:281][  0]LogDerivedDataCache: Loaded boot cache 0.14s 94MB C:/Users/rodri/AppData/Local/UnrealEngine/4.27/DerivedDataCache/Boot.ddc.
[2023.09.09-17.29.10:281][  0]LogDerivedDataCache: Display: Loaded Boot cache: C:/Users/rodri/AppData/Local/UnrealEngine/4.27/DerivedDataCache/Boot.ddc
[2023.09.09-17.29.10:281][  0]LogDerivedDataCache: FDerivedDataBackendGraph:  Pak pak cache file R:/UnrealProjects/xp4/Jogo_XP4/DerivedDataCache/DDC.ddp not found, will not use a pak cache.
[2023.09.09-17.29.10:281][  0]LogDerivedDataCache: Unable to find inner node Pak for hierarchical cache Hierarchy.
[2023.09.09-17.29.10:281][  0]LogDerivedDataCache: FDerivedDataBackendGraph:  CompressedPak pak cache file R:/UnrealProjects/xp4/Jogo_XP4/DerivedDataCache/Compressed.ddp not found, will not use a pak cache.
[2023.09.09-17.29.10:281][  0]LogDerivedDataCache: Unable to find inner node CompressedPak for hierarchical cache Hierarchy.
[2023.09.09-17.29.10:332][  0]LogDerivedDataCache: Display: Pak cache opened for reading ../../../Engine/DerivedDataCache/Compressed.ddp.
[2023.09.09-17.29.10:332][  0]LogDerivedDataCache: FDerivedDataBackendGraph:  EnterprisePak pak cache file ../../../Enterprise/DerivedDataCache/Compressed.ddp not found, will not use a pak cache.
[2023.09.09-17.29.10:332][  0]LogDerivedDataCache: Unable to find inner node EnterprisePak for hierarchical cache Hierarchy.
[2023.09.09-17.29.10:342][  0]LogDerivedDataCache: Speed tests for C:/Users/rodri/AppData/Local/UnrealEngine/Common/DerivedDataCache took 0.01 seconds
[2023.09.09-17.29.10:342][  0]LogDerivedDataCache: Display: Performance to C:/Users/rodri/AppData/Local/UnrealEngine/Common/DerivedDataCache: Latency=0.05ms. RandomReadSpeed=231.20MBs, RandomWriteSpeed=191.10MBs. Assigned SpeedClass 'Local'
[2023.09.09-17.29.10:344][  0]LogDerivedDataCache: Using Local data cache path C:/Users/rodri/AppData/Local/UnrealEngine/Common/DerivedDataCache: Writable
[2023.09.09-17.29.10:344][  0]LogDerivedDataCache: Shared data cache path not found in *engine.ini, will not use an Shared cache.
[2023.09.09-17.29.10:344][  0]LogDerivedDataCache: Unable to find inner node Shared for hierarchical cache Hierarchy.
[2023.09.09-17.29.10:730][  0]LogSlate: Using FreeType 2.10.0
[2023.09.09-17.29.10:800][  0]LogSlate: SlateFontServices - WITH_FREETYPE: 1, WITH_HARFBUZZ: 1
[2023.09.09-17.29.11:947][  0]LogAssetRegistry: FAssetRegistry took 0.0290 seconds to start up
[2023.09.09-17.29.21:147][  0]LogInit: Selected Device Profile: [Windows]
[2023.09.09-17.29.21:147][  0]LogInit: Active device profile: [000002327459BE00][000002326D1E3B40 49] Windows
[2023.09.09-17.29.21:147][  0]LogInit: Profiles: [000002327459BE00][000002326D1E3B40 49] Windows, [00000232745AFE00][000002326D1C2140 49] WindowsNoEditor, [0000023274598300][00000232712E82C0 49] WindowsServer, [00000232745ADA00][000002326F65A440 49] WindowsClient, [000002327459A600][00000232625205C0 49] IOS, [00000232745AFB00][0000023262528740 49] iPadAir, [0000023274598600][000002326D1CC880 49] iPadAir2, [0000023274544E00][000002326251CAC0 49] IPadPro, [0000023274544F00][000002326FA6CB00 49] iPadAir3, [000002327459B900][000002326F9AEC80 49] iPadAir4, [0000023274544700][000002326FD16E00 49] iPadMini2, [0000023274598700][0000023272CBCF80 49] iPadMini3, [0000023274545600][000002326FA39100 49] iPadMini4, [000002327459B600][00000232710E1280 49] iPadMini5, [00000232745AD200][0000023271365540 49] iPhone6, [00000232745AD300][00000232710E5580 49] iPodTouch6, [0000023274547B00][000002326FA45840 49] iPhone7, [0000023274547700][0000023271369880 49] iPodTouch7, [00000232745ACF00][000002326FA49A00 49] iPhone5S, [0000023274544900][000002326FA4DB80 49] iPhone6Plus, [00000232745AC400][000002326FA50180 49] iPhone6S, [0000023274544500][000002326FA54300 49] iPhone6SPlus, [00000232745AFF00][000002326FA58480 49] iPhone7Plus, [0000023274545000][000002326FA5C600 49] iPhoneSE, [00000232745ADC00][000002326FA60780 49] iPhone8, [0000023274546E00][000002326FA64900 49] iPhone8Plus, [00000232745AF000][0000023262524A40 49] iPhoneX, [0000023274545C00][000002326FA68B80 49] iPhoneXS, [00000232745ADF00][00000232712B4CC0 49] iPhoneXSMax, [0000023274544B00][00000232712BCE40 49] iPhoneXR, [00000232745AEB00][00000232712C0FC0 49] iPhone11, [0000023274545E00][00000232712C5140 49] iPhone11Pro, [00000232745AE400][00000232712C92C0 49] iPhone11ProMax, [0000023274547500][00000232712CD440 49] iPhoneSE2, [00000232745ACC00][00000232712D15C0 49] iPhone12Mini, [0000023274545B00][00000232712D5740 49] iPhone12, [00000232745AD800][00000232712D98C0 49] iPhone12Pro, [0000023274544400][00000232712DDA40 49] iPhone12ProMax, [00000232745AF100][000002326F4F5BC0 49] iPadPro105, [0000023274547200][000002326F4F81C0 49] iPadPro129, [00000232745AEC00][000002326F4FC340 49] iPadPro97, [0000023274546F00][000002326F5004C0 49] iPadPro2_129, [00000232745AF200][000002326F504640 49] iPad5, [0000023274545800][000002326F5087C0 49] iPad6, [00000232745AC900][000002326F50C940 49] iPad7, [0000023274546800][000002326F510AC0 49] iPad8, [00000232745AC100][00000232712B8C00 49] iPadPro11, [0000023274545300][000002326F514D40 49] iPadPro2_11, [00000232745AF800][000002326F518E80 49] iPadPro3_129, [0000023274547000][000002326F51CFC0 49] iPadPro4_129, [00000232745AFA00][000002326FC7F140 49] AppleTV, [0000023274547C00][000002326FC832C0 49] AppleTV4K, [00000232745AC600][000002326FC87440 49] TVOS, [0000023274544100][000002326FC8B5C0 49] Mac, [00000232745AE100][000002326FC8F740 49] MacClient, [0000023274544D00][000002326FC938C0 49] MacNoEditor, [00000232745ACB00][000002326FC97A40 49] MacServer, [0000023274547F00][000002326FC9BBC0 49] Linux, [00000232745AE500][000002326FC9E1C0 49] LinuxAArch64, [0000023274546900][000002326FCA2340 49] LinuxNoEditor, [00000232745ADB00][000002326FCA64C0 49] LinuxAArch64NoEditor, [0000023274546100][000002326FCAA640 49] LinuxClient, [00000232745AF600][000002326FCAE7C0 49] LinuxAArch64Client, [0000023274546B00][000002326FCB2940 49] LinuxServer, [00000232745AFC00][000002326FCB6AC0 49] LinuxAArch64Server, [0000023274545D00][000002326FCBAC40 49] Android, [00000232745AC300][000002326F520D80 49] Android_Low, [0000023274547100][000002326FCBEEC0 49] Android_Mid, [00000232745AF900][000002326FCC3000 49] Android_High, [0000023274598B00][000002326FCC7140 49] Android_Default, [0000023274618800][000002326FCCF2C0 49] Android_Adreno4xx, [0000023274598F00][000002326FCD3440 49] Android_Adreno5xx_Low, [000002327461AA00][000002326FCD75C0 49] Android_Adreno5xx, [000002327459B200][000002326FCDB740 49] Android_Adreno6xx, [0000023274619200][000002326FCDF8C0 49] Android_Adreno6xx_Vulkan, [000002327459BC00][000002326FCE3A40 49] Android_Mali_T6xx, [000002327461A700][000002326FCE7BC0 49] Android_Mali_T7xx, [0000023274599B00][00000232721C61C0 49] Android_Mali_T8xx, [0000023274618D00][00000232721CA340 49] Android_Mali_G71, [000002327459B700][00000232721CE4C0 49] Android_Mali_G72, [000002327461A400][00000232721D2640 49] Android_Mali_G72_Vulkan, [0000023274599200][00000232721D67C0 49] Android_Mali_G76, [0000023274618A00][00000232721DA940 49] Android_Mali_G76_Vulkan, [0000023274598A00][00000232721DEAC0 49] Android_Mali_G77, [0000023274618400][00000232721E2C40 49] Android_Mali_G77_Vulkan, [000002327459A400][00000232721E6DC0 49] Android_Mali_G78, [0000023274619400][00000232721EAF40 49] Android_Mali_G78_Vulkan, [0000023274599400][000002326FCCB080 49] Android_Mali_G710, [0000023274618300][00000232721EF1C0 49] Android_Mali_G710_Vulkan, [0000023274598D00][00000232721F3300 49] Android_Vulkan_SM5, [0000023274618C00][00000232721FB480 49] Android_PowerVR_G6xxx, [00000232745AFD00][00000232721FF600 49] Android_PowerVR_GT7xxx, [0000023274618700][0000023272203780 49] Android_PowerVR_GE8xxx, [00000232745AE300][0000023272207900 49] Android_PowerVR_GM9xxx, [000002327461AD00][000002327220BA80 49] Android_PowerVR_GM9xxx_Vulkan, [00000232745AC700][000002327220FC00 49] Android_TegraK1, [0000023274618500][0000023272212200 49] Android_Unknown_Vulkan, [00000232745AD600][0000023272216380 49] Lumin, [0000023274619700][000002327221A500 49] Lumin_Desktop, [00000232745AF700][000002327221E680 49] HoloLens, 
[2023.09.09-17.29.23:490][  0]LogMeshReduction: Using QuadricMeshReduction for automatic static mesh reduction
[2023.09.09-17.29.23:490][  0]LogMeshReduction: Using SimplygonMeshReduction for automatic skeletal mesh reduction
[2023.09.09-17.29.23:490][  0]LogMeshReduction: Using ProxyLODMeshReduction for automatic mesh merging
[2023.09.09-17.29.23:490][  0]LogMeshReduction: No distributed automatic mesh merging module available
[2023.09.09-17.29.23:509][  0]LogMeshMerging: No distributed automatic mesh merging module available
[2023.09.09-17.29.24:370][  0]LogNetVersion: XP4 1.0.0, NetCL: 17155196, EngineNetVer: 17, GameNetVer: 0 (Checksum: 2787581013)
[2023.09.09-17.29.37:909][  0]LogTexture: Default maximum texture size for cubemaps generated from long-lat sources has been changed from 512 to unlimited. In order to preserve old behaiour for '/Engine/MapTemplates/Sky/DaylightAmbientCubemap.DaylightAmbientCubemap', its maximum texture size has been explicitly set to 512.
[2023.09.09-17.29.39:047][  0]LogHMD: PokeAHoleMaterial loaded successfully
[2023.09.09-17.29.39:315][  0]LogUObjectArray: 17178 objects as part of root set at end of initial load.
[2023.09.09-17.29.39:315][  0]LogUObjectAllocator: 4302048 out of 0 bytes used by permanent object pool.
[2023.09.09-17.29.39:333][  0]LogUObjectArray: CloseDisregardForGC: 0/0 objects in disregard for GC pool
[2023.09.09-17.29.45:080][  0]LogNiagaraDebuggerClient: Niagara Debugger Client Initialized | Session: 56B0081A450CD87366D5AA8A367CC8FC | Instance: F7FA07E641D559B33D6141A6416E6266 (EPAMINONDAS-9148).
[2023.09.09-17.29.49:233][  0]LogTcpMessaging: Initializing TcpMessaging bridge
[2023.09.09-17.29.49:291][  0]LogUdpMessaging: Initializing bridge on interface 0.0.0.0:0 to multicast group 230.0.0.1:6666.
[2023.09.09-17.29.49:785][  0]LogPython: Using Python 3.7.7
[2023.09.09-17.29.51:844][  0]LogLinker: Warning: Failed to load '/Game/ThirdPersonBP/ThirdPersonOverview': Can't find file.
[2023.09.09-17.29.51:845][  0]LogLinker: Warning: Failed to load '/Game/ThirdPersonBP/ThirdPersonOverview': Can't find file.
[2023.09.09-17.29.51:845][  0]LogUObjectGlobals: Warning: Falha ao encontrar objeto “Class /Game/ThirdPersonBP/ThirdPersonOverview.ThirdPersonOverview_C”
[2023.09.09-17.29.53:035][  0]SourceControl: Controle de origem desativado
[2023.09.09-17.29.53:049][  0]LogWindows: Warning: CreateProc failed: O sistema não pode encontrar o arquivo especificado. (0x00000002)
[2023.09.09-17.29.53:049][  0]LogWindows: Warning: URL: C:/Program Files/Git/bin/git.exe version
[2023.09.09-17.29.53:049][  0]LogWindows: Warning: CreateProc failed: O sistema não pode encontrar o arquivo especificado. (0x00000002)
[2023.09.09-17.29.53:049][  0]LogWindows: Warning: URL: C:/Program Files (x86)/Git/bin/git.exe version
[2023.09.09-17.29.53:050][  0]LogWindows: Warning: CreateProc failed: O sistema não pode encontrar o arquivo especificado. (0x00000002)
[2023.09.09-17.29.53:050][  0]LogWindows: Warning: URL: C:\Users\rodri\AppData\Local/Programs/Git/cmd/git.exe version
[2023.09.09-17.29.53:050][  0]LogWindows: Warning: CreateProc failed: O sistema não pode encontrar o arquivo especificado. (0x00000002)
[2023.09.09-17.29.53:050][  0]LogWindows: Warning: URL: C:/Program Files (x86)/SmartGit/git/bin/git.exe version
[2023.09.09-17.29.53:050][  0]LogWindows: Warning: CreateProc failed: O sistema não pode encontrar o arquivo especificado. (0x00000002)
[2023.09.09-17.29.53:050][  0]LogWindows: Warning: URL: C:/Program Files (x86)/SmartGit/bin/git.exe version
[2023.09.09-17.29.53:971][  0]LogUProjectInfo: Found projects:
[2023.09.09-17.29.55:268][  0]LogAndroidPermission: UAndroidPermissionCallbackProxy::GetInstance
[2023.09.09-17.29.55:342][  0]LogAudioCaptureCore: Display: No Audio Capture implementations found. Audio input will be silent.
[2023.09.09-17.29.55:342][  0]LogAudioCaptureCore: Display: No Audio Capture implementations found. Audio input will be silent.
[2023.09.09-17.29.57:663][  0]LogOpenImageDenoise: OIDN starting up
[2023.09.09-17.29.57:737][  0]LogCollectionManager: Loaded 0 collections in 0.001154 seconds
[2023.09.09-17.29.58:193][  0]LogFileCache: Scanning file cache for directory 'R:/UnrealProjects/xp4/Jogo_XP4/Saved/Collections/' took 0.04s
[2023.09.09-17.29.58:194][  0]LogFileCache: Scanning file cache for directory 'R:/UnrealProjects/xp4/Jogo_XP4/Content/Developers/rodri/Collections/' took 0.02s
[2023.09.09-17.29.58:194][  0]LogFileCache: Scanning file cache for directory 'R:/UnrealProjects/xp4/Jogo_XP4/Content/Collections/' took 0.02s
[2023.09.09-17.29.58:194][  0]LogOcInput: OculusInput pre-init called
[2023.09.09-17.30.02:195][  0]LogClass: Display: IntProperty FRegisteredDeviceInfo::Handle is not initialized properly. Module:RawInput File:Public/RawInputFunctionLibrary.h
[2023.09.09-17.30.02:222][  0]LogClass: Display: IntProperty FRegisteredDeviceInfo::VendorID is not initialized properly. Module:RawInput File:Public/RawInputFunctionLibrary.h
[2023.09.09-17.30.02:222][  0]LogClass: Display: IntProperty FRegisteredDeviceInfo::ProductID is not initialized properly. Module:RawInput File:Public/RawInputFunctionLibrary.h
[2023.09.09-17.30.02:272][  0]LogClass: Display: 3 Uninitialized script struct members found including 0 object properties
[2023.09.09-17.30.02:399][  0]LogAutomationTest: Warning: Smoke tests took >2s to run (2.67s). 'FCborAutomationTest' took 37ms. SmokeFilter tier tests should take less than 1ms. Please optimize or move 'FCborAutomationTest' to a slower tier than SmokeFilter.
[2023.09.09-17.30.02:657][  0]LogEngine: Initializing Engine...
[2023.09.09-17.30.02:890][  0]LogHMD: Failed to enumerate extensions. Please check that you have a valid OpenXR runtime installed.
[2023.09.09-17.30.02:898][  0]LogHMD: Failed to initialize OpenVR with code 110
[2023.09.09-17.30.02:912][  0]LogMagicLeap: Warning: VR disabled because ZI is not enabled.  To enable, in the editor, Edit -> Project Settings -> Plugins -> Magic Leap Plugin -> Enable Zero Iteration
[2023.09.09-17.30.03:043][  0]LogStats: UGameplayTagsManager::InitializeManager -  0.012 s
[2023.09.09-17.30.03:858][  0]LogInit: Initializing FReadOnlyCVARCache
[2023.09.09-17.30.05:122][  0]LogAIModule: Creating AISystem for world Untitled
[2023.09.09-17.30.05:508][  0]LogAudio: Display: Initializing Audio Device Manager...
[2023.09.09-17.30.05:536][  0]LogAudio: Display: Loading Default Audio Settings Objects...
[2023.09.09-17.30.05:565][  0]LogAudio: Display: No default SoundConcurrencyObject specified (or failed to load).
[2023.09.09-17.30.05:633][  0]LogAudio: Display: Audio Device Manager Initialized
[2023.09.09-17.30.05:633][  0]LogAudio: Display: Creating Audio Device:                 Id: 1, Scope: Shared, Realtime: True
[2023.09.09-17.30.05:689][  0]LogAudioMixer: Display: Audio Mixer Platform Settings:
[2023.09.09-17.30.05:689][  0]LogAudioMixer: Display: 	Sample Rate:						  48000
[2023.09.09-17.30.05:689][  0]LogAudioMixer: Display: 	Callback Buffer Frame Size Requested: 1024
[2023.09.09-17.30.05:689][  0]LogAudioMixer: Display: 	Callback Buffer Frame Size To Use:	  1024
[2023.09.09-17.30.05:689][  0]LogAudioMixer: Display: 	Number of buffers to queue:			  2
[2023.09.09-17.30.05:689][  0]LogAudioMixer: Display: 	Max Channels (voices):				  32
[2023.09.09-17.30.05:689][  0]LogAudioMixer: Display: 	Number of Async Source Workers:		  0
[2023.09.09-17.30.05:701][  0]LogAudio: Display: AudioDevice MaxSources: 32
[2023.09.09-17.30.05:756][  0]LogAudio: Display: Audio Spatialization Plugin: None (built-in).
[2023.09.09-17.30.05:756][  0]LogAudio: Display: Audio Reverb Plugin: None (built-in).
[2023.09.09-17.30.05:756][  0]LogAudio: Display: Audio Occlusion Plugin: None (built-in).
[2023.09.09-17.30.05:756][  0]LogAudioMixer: Display: Initializing audio mixer.
[2023.09.09-17.30.05:938][  0]LogAudioMixer: Display: 0: FrontLeft
[2023.09.09-17.30.05:938][  0]LogAudioMixer: Display: 1: FrontRight
[2023.09.09-17.30.05:983][  0]LogAudioMixer: Display: Using Audio Device VG271 S (NVIDIA High Definition Audio)
[2023.09.09-17.30.06:141][  0]LogAudioMixer: Display: Initializing Sound Submixes...
[2023.09.09-17.30.06:189][  0]LogAudioMixer: Display: Creating Master Submix 'MasterSubmixDefault'
[2023.09.09-17.30.06:198][  0]LogAudioMixer: Display: Creating Master Submix 'MasterReverbSubmixDefault'
[2023.09.09-17.30.06:254][  0]LogAudioMixer: Display: Creating Master Submix 'MasterEQSubmixDefault'
[2023.09.09-17.30.06:254][  0]LogAudioMixer: FMixerPlatformXAudio2::StartAudioStream() called
[2023.09.09-17.30.06:254][  0]LogAudioMixer: Display: Output buffers initialized: Frames=1024, Channels=2, Samples=2048
[2023.09.09-17.30.06:255][  0]LogAudioMixer: Display: Starting AudioMixerPlatformInterface::RunInternal()
[2023.09.09-17.30.06:255][  0]LogAudioMixer: Display: FMixerPlatformXAudio2::SubmitBuffer() called for the first time
[2023.09.09-17.30.06:255][  0]LogInit: FAudioDevice initialized.
[2023.09.09-17.30.06:380][  0]LogAudioMixer: Display: Audio Buffer Underrun (starvation) detected.
[2023.09.09-17.30.06:380][  0]LogAudio: Display: Audio Device (ID: 1) registered with world 'Untitled'.
[2023.09.09-17.30.06:407][  0]LogNetVersion: Set ProjectVersion to 1.0.0.0. Version Checksum will be recalculated on next use.
[2023.09.09-17.30.06:469][  0]LogDerivedDataCache: Saved boot cache 0.06s 94MB C:/Users/rodri/AppData/Local/UnrealEngine/4.27/DerivedDataCache/Boot.ddc.
[2023.09.09-17.30.06:469][  0]LogInit: Texture streaming: Enabled
[2023.09.09-17.30.06:646][  0]LogAnalytics: Display: [UEEditor.Rocket.Release] APIServer = https://datarouter.ol.epicgames.com/. AppVersion = 4.27.2-18319896+++UE4+Release-4.27
[2023.09.09-17.30.06:704][  0]LogEngineSessionManager: EngineSessionManager initialized
[2023.09.09-17.30.06:718][  0]LogEditorSessionSummary: Verbose: Initializing EditorSessionSummaryWriter for editor session tracking
[2023.09.09-17.30.06:780][  0]LogEditorSessionSummary: EditorSessionSummaryWriter initialized
[2023.09.09-17.30.07:227][  0]LogInit: Transaction tracking system initialized
[2023.09.09-17.30.07:591][  0]BlueprintLog: New page: Carregar Editor
[2023.09.09-17.30.09:105][  0]LocalizationService: Localization service is disabled
[2023.09.09-17.30.09:714][  0]TimingProfiler: Initialize
[2023.09.09-17.30.09:725][  0]TimingProfiler: OnSessionChanged
[2023.09.09-17.30.09:733][  0]LoadingProfiler: Initialize
[2023.09.09-17.30.09:735][  0]LoadingProfiler: OnSessionChanged
[2023.09.09-17.30.09:755][  0]NetworkingProfiler: Initialize
[2023.09.09-17.30.09:762][  0]NetworkingProfiler: OnSessionChanged
[2023.09.09-17.30.09:762][  0]MemoryProfiler: Initialize
[2023.09.09-17.30.09:762][  0]MemoryProfiler: OnSessionChanged
[2023.09.09-17.30.12:549][  0]LogFileCache: Scanning file cache for directory 'R:/UnrealProjects/xp4/Jogo_XP4/Content/' took 0.04s
[2023.09.09-17.30.12:549][  0]LogCook: Display: CookSettings for Memory: MemoryMaxUsedVirtual 0MiB, MemoryMaxUsedPhysical 16384MiB, MemoryMinFreeVirtual 0MiB, MemoryMinFreePhysical 1024MiB
[2023.09.09-17.30.12:549][  0]LogCook: Display: Mobile HDR setting 1
[2023.09.09-17.30.16:237][  0]LogInit: Display: Engine is initialized. Leaving FEngineLoop::Init()
[2023.09.09-17.30.16:467][  0]LogUnrealEdMisc: Loading editor; pre map load, took 125.530
[2023.09.09-17.30.16:505][  0]Cmd: MAP LOAD FILE="R:/UnrealProjects/xp4/Jogo_XP4/Content/ThirdPersonBP/Maps/ThirdPersonExampleMap.umap" TEMPLATE=0 SHOWPROGRESS=1 FEATURELEVEL=3
[2023.09.09-17.30.16:567][  0]LightingResults: New page: Compilação de Iluminação
[2023.09.09-17.30.16:935][  0]LogWorld: UWorld::CleanupWorld for Untitled, bSessionEnded=true, bCleanupResources=true
[2023.09.09-17.30.17:132][  0]LogSlate: InvalidateAllWidgets triggered.  All widgets were invalidated
[2023.09.09-17.30.17:293][  0]MapCheck: New page: Verificação de Mapa
[2023.09.09-17.30.17:293][  0]LightingResults: New page: Compilação de Iluminação
[2023.09.09-17.30.18:290][  0]LogAudio: Display: Audio Device unregistered from world 'None'.
[2023.09.09-17.30.19:019][  0]LogUObjectHash: Compacting FUObjectHashTables data took  11.31ms
[2023.09.09-17.30.24:321][  0]LogAudio: Display: Audio Device (ID: 1) registered with world 'ThirdPersonExampleMap'.
[2023.09.09-17.30.24:348][  0]LogAIModule: Creating AISystem for world ThirdPersonExampleMap
[2023.09.09-17.30.26:332][  0]LogStreaming: Display: ULevelStreaming::RequestLevel(/Game/EndlessWorld/Demo/Test01) is flushing async loading
[2023.09.09-17.30.26:332][  0]LogStreaming: Display: FlushAsyncLoading: 1 QueuedPackages, 0 AsyncPackages
[2023.09.09-17.30.26:430][  0]LogStreaming: Display: ULevelStreaming::RequestLevel(/Game/EndlessWorld/Demo/Test02) is flushing async loading
[2023.09.09-17.30.26:434][  0]LogStreaming: Display: ULevelStreaming::RequestLevel(/Game/EndlessWorld/Demo/Test03) is flushing async loading
[2023.09.09-17.30.26:437][  0]LogStreaming: Display: ULevelStreaming::RequestLevel(/Game/EndlessWorld/Demo/Test04) is flushing async loading
[2023.09.09-17.30.26:440][  0]LogStreaming: Display: ULevelStreaming::RequestLevel(/Game/EndlessWorld/Demo/Test05) is flushing async loading
[2023.09.09-17.30.26:442][  0]LogStreaming: Display: ULevelStreaming::RequestLevel(/Game/EndlessWorld/Demo/Test06) is flushing async loading
[2023.09.09-17.30.26:445][  0]LogStreaming: Display: ULevelStreaming::RequestLevel(/Game/EndlessWorld/Demo/Test07) is flushing async loading
[2023.09.09-17.30.26:447][  0]LogStreaming: Display: ULevelStreaming::RequestLevel(/Game/EndlessWorld/Demo/Test_S01) is flushing async loading
[2023.09.09-17.30.26:870][  0]LogEditorServer: Finished looking for orphan Actors (0.000 secs)
[2023.09.09-17.30.27:446][  0]LogUObjectHash: Compacting FUObjectHashTables data took   0.94ms
[2023.09.09-17.30.27:490][  0]Cmd: MAP CHECKDEP NOCLEARLOG
[2023.09.09-17.30.27:499][  0]MapCheck: Map check complete: 0 Error(s), 0 Warning(s), took 8,441ms to complete.
[2023.09.09-17.30.27:512][  0]LogFileHelpers: Loading map 'ThirdPersonExampleMap' took 11.004
[2023.09.09-17.30.29:934][  0]LogUnrealEdMisc: Total Editor Startup Time, took 139.005
[2023.09.09-17.30.32:271][  0]LogSlate: Updating window title bar state: overlay mode, drag disabled, window buttons hidden, title bar hidden
[2023.09.09-17.30.32:338][  0]LogSlate: Updating window title bar state: overlay mode, drag disabled, window buttons hidden, title bar hidden
[2023.09.09-17.30.32:345][  0]LogSlate: Updating window title bar state: overlay mode, drag disabled, window buttons hidden, title bar hidden
[2023.09.09-17.30.32:350][  0]LogSlate: Updating window title bar state: overlay mode, drag disabled, window buttons hidden, title bar hidden
[2023.09.09-17.30.32:889][  0]LogNativeClassHierarchy: Verbose: Native class hierarchy populated in 0.0090 seconds. Added 3824 classes and 931 folders.
[2023.09.09-17.30.33:332][  0]LogNativeClassHierarchy: Verbose: Native class hierarchy updated for 'WidgetCarousel' in 0.0002 seconds. Added 0 classes and 0 folders.
[2023.09.09-17.30.33:467][  0]LogPakFile: PakFile PrimaryIndexSize=187
[2023.09.09-17.30.33:467][  0]LogPakFile: PakFile PathHashIndexSize=101
[2023.09.09-17.30.33:467][  0]LogPakFile: PakFile FullDirectoryIndexSize=148
[2023.09.09-17.30.33:599][  0]LogShaderLibrary: Display: ShaderCodeLibraryPakFileMountedCallback: PakFile 'D:/unreal 4/UE_4.27/FeaturePacks/FP_FirstPerson.upack' (chunk index -1, root 'root:/') mounted
[2023.09.09-17.30.33:599][  0]LogShaderLibrary: Display: ShaderCodeLibraryPakFileMountedCallback: pending pak file info (ChunkID:-1 Root:root:/ File:D:/unreal 4/UE_4.27/FeaturePacks/FP_FirstPerson.upack)
[2023.09.09-17.30.33:612][  0]LogPakFile: OnPakFileMounted2Time == 0.145002
[2023.09.09-17.30.33:691][  0]LogPakFile: PakFile PrimaryIndexSize=189
[2023.09.09-17.30.33:691][  0]LogPakFile: PakFile PathHashIndexSize=101
[2023.09.09-17.30.33:691][  0]LogPakFile: PakFile FullDirectoryIndexSize=152
[2023.09.09-17.30.33:691][  0]LogShaderLibrary: Display: ShaderCodeLibraryPakFileMountedCallback: PakFile 'D:/unreal 4/UE_4.27/FeaturePacks/FP_FirstPersonBP.upack' (chunk index -1, root 'root:/') mounted
[2023.09.09-17.30.33:692][  0]LogShaderLibrary: Display: ShaderCodeLibraryPakFileMountedCallback: pending pak file info (ChunkID:-1 Root:root:/ File:D:/unreal 4/UE_4.27/FeaturePacks/FP_FirstPersonBP.upack)
[2023.09.09-17.30.33:692][  0]LogPakFile: OnPakFileMounted2Time == 0.000252
[2023.09.09-17.30.33:722][  0]LogPakFile: PakFile PrimaryIndexSize=191
[2023.09.09-17.30.33:722][  0]LogPakFile: PakFile PathHashIndexSize=101
[2023.09.09-17.30.33:722][  0]LogPakFile: PakFile FullDirectoryIndexSize=160
[2023.09.09-17.30.33:722][  0]LogShaderLibrary: Display: ShaderCodeLibraryPakFileMountedCallback: PakFile 'D:/unreal 4/UE_4.27/FeaturePacks/MobileStarterContent.upack' (chunk index -1, root 'root:/') mounted
[2023.09.09-17.30.33:722][  0]LogShaderLibrary: Display: ShaderCodeLibraryPakFileMountedCallback: pending pak file info (ChunkID:-1 Root:root:/ File:D:/unreal 4/UE_4.27/FeaturePacks/MobileStarterContent.upack)
[2023.09.09-17.30.33:722][  0]LogPakFile: OnPakFileMounted2Time == 0.000038
[2023.09.09-17.30.33:733][  0]LogPakFile: PakFile PrimaryIndexSize=185
[2023.09.09-17.30.33:733][  0]LogPakFile: PakFile PathHashIndexSize=101
[2023.09.09-17.30.33:733][  0]LogPakFile: PakFile FullDirectoryIndexSize=148
[2023.09.09-17.30.33:733][  0]LogShaderLibrary: Display: ShaderCodeLibraryPakFileMountedCallback: PakFile 'D:/unreal 4/UE_4.27/FeaturePacks/StarterContent.upack' (chunk index -1, root 'root:/') mounted
[2023.09.09-17.30.33:733][  0]LogShaderLibrary: Display: ShaderCodeLibraryPakFileMountedCallback: pending pak file info (ChunkID:-1 Root:root:/ File:D:/unreal 4/UE_4.27/FeaturePacks/StarterContent.upack)
[2023.09.09-17.30.33:733][  0]LogPakFile: OnPakFileMounted2Time == 0.000042
[2023.09.09-17.30.33:745][  0]LogPakFile: PakFile PrimaryIndexSize=190
[2023.09.09-17.30.33:745][  0]LogPakFile: PakFile PathHashIndexSize=101
[2023.09.09-17.30.33:745][  0]LogPakFile: PakFile FullDirectoryIndexSize=154
[2023.09.09-17.30.33:745][  0]LogShaderLibrary: Display: ShaderCodeLibraryPakFileMountedCallback: PakFile 'D:/unreal 4/UE_4.27/FeaturePacks/TP_2DSideScroller.upack' (chunk index -1, root 'root:/') mounted
[2023.09.09-17.30.33:745][  0]LogShaderLibrary: Display: ShaderCodeLibraryPakFileMountedCallback: pending pak file info (ChunkID:-1 Root:root:/ File:D:/unreal 4/UE_4.27/FeaturePacks/TP_2DSideScroller.upack)
[2023.09.09-17.30.33:745][  0]LogPakFile: OnPakFileMounted2Time == 0.000038
[2023.09.09-17.30.33:786][  0]LogPakFile: PakFile PrimaryIndexSize=192
[2023.09.09-17.30.33:786][  0]LogPakFile: PakFile PathHashIndexSize=101
[2023.09.09-17.30.33:786][  0]LogPakFile: PakFile FullDirectoryIndexSize=158
[2023.09.09-17.30.33:786][  0]LogShaderLibrary: Display: ShaderCodeLibraryPakFileMountedCallback: PakFile 'D:/unreal 4/UE_4.27/FeaturePacks/TP_2DSideScrollerBP.upack' (chunk index -1, root 'root:/') mounted
[2023.09.09-17.30.33:786][  0]LogShaderLibrary: Display: ShaderCodeLibraryPakFileMountedCallback: pending pak file info (ChunkID:-1 Root:root:/ File:D:/unreal 4/UE_4.27/FeaturePacks/TP_2DSideScrollerBP.upack)
[2023.09.09-17.30.33:786][  0]LogPakFile: OnPakFileMounted2Time == 0.000044
[2023.09.09-17.30.33:790][  0]LogPakFile: PakFile PrimaryIndexSize=182
[2023.09.09-17.30.33:790][  0]LogPakFile: PakFile PathHashIndexSize=101
[2023.09.09-17.30.33:790][  0]LogPakFile: PakFile FullDirectoryIndexSize=138
[2023.09.09-17.30.33:790][  0]LogShaderLibrary: Display: ShaderCodeLibraryPakFileMountedCallback: PakFile 'D:/unreal 4/UE_4.27/FeaturePacks/TP_Flying.upack' (chunk index -1, root 'root:/') mounted
[2023.09.09-17.30.33:790][  0]LogShaderLibrary: Display: ShaderCodeLibraryPakFileMountedCallback: pending pak file info (ChunkID:-1 Root:root:/ File:D:/unreal 4/UE_4.27/FeaturePacks/TP_Flying.upack)
[2023.09.09-17.30.33:790][  0]LogPakFile: OnPakFileMounted2Time == 0.000041
[2023.09.09-17.30.33:810][  0]LogPakFile: PakFile PrimaryIndexSize=184
[2023.09.09-17.30.33:810][  0]LogPakFile: PakFile PathHashIndexSize=101
[2023.09.09-17.30.33:810][  0]LogPakFile: PakFile FullDirectoryIndexSize=142
[2023.09.09-17.30.33:810][  0]LogShaderLibrary: Display: ShaderCodeLibraryPakFileMountedCallback: PakFile 'D:/unreal 4/UE_4.27/FeaturePacks/TP_FlyingBP.upack' (chunk index -1, root 'root:/') mounted
[2023.09.09-17.30.33:810][  0]LogShaderLibrary: Display: ShaderCodeLibraryPakFileMountedCallback: pending pak file info (ChunkID:-1 Root:root:/ File:D:/unreal 4/UE_4.27/FeaturePacks/TP_FlyingBP.upack)
[2023.09.09-17.30.33:810][  0]LogPakFile: OnPakFileMounted2Time == 0.000047
[2023.09.09-17.30.33:835][  0]LogPakFile: PakFile PrimaryIndexSize=188
[2023.09.09-17.30.33:835][  0]LogPakFile: PakFile PathHashIndexSize=101
[2023.09.09-17.30.33:835][  0]LogPakFile: PakFile FullDirectoryIndexSize=150
[2023.09.09-17.30.33:835][  0]LogShaderLibrary: Display: ShaderCodeLibraryPakFileMountedCallback: PakFile 'D:/unreal 4/UE_4.27/FeaturePacks/TP_HandheldARBP.upack' (chunk index -1, root 'root:/') mounted
[2023.09.09-17.30.33:835][  0]LogShaderLibrary: Display: ShaderCodeLibraryPakFileMountedCallback: pending pak file info (ChunkID:-1 Root:root:/ File:D:/unreal 4/UE_4.27/FeaturePacks/TP_HandheldARBP.upack)
[2023.09.09-17.30.33:835][  0]LogPakFile: OnPakFileMounted2Time == 0.000043
[2023.09.09-17.30.33:861][  0]LogPakFile: PakFile PrimaryIndexSize=182
[2023.09.09-17.30.33:862][  0]LogPakFile: PakFile PathHashIndexSize=101
[2023.09.09-17.30.33:862][  0]LogPakFile: PakFile FullDirectoryIndexSize=138
[2023.09.09-17.30.33:862][  0]LogShaderLibrary: Display: ShaderCodeLibraryPakFileMountedCallback: PakFile 'D:/unreal 4/UE_4.27/FeaturePacks/TP_Puzzle.upack' (chunk index -1, root 'root:/') mounted
[2023.09.09-17.30.33:862][  0]LogShaderLibrary: Display: ShaderCodeLibraryPakFileMountedCallback: pending pak file info (ChunkID:-1 Root:root:/ File:D:/unreal 4/UE_4.27/FeaturePacks/TP_Puzzle.upack)
[2023.09.09-17.30.33:862][  0]LogPakFile: OnPakFileMounted2Time == 0.000061
[2023.09.09-17.30.33:888][  0]LogPakFile: PakFile PrimaryIndexSize=184
[2023.09.09-17.30.33:888][  0]LogPakFile: PakFile PathHashIndexSize=101
[2023.09.09-17.30.33:888][  0]LogPakFile: PakFile FullDirectoryIndexSize=142
[2023.09.09-17.30.33:888][  0]LogShaderLibrary: Display: ShaderCodeLibraryPakFileMountedCallback: PakFile 'D:/unreal 4/UE_4.27/FeaturePacks/TP_PuzzleBP.upack' (chunk index -1, root 'root:/') mounted
[2023.09.09-17.30.33:888][  0]LogShaderLibrary: Display: ShaderCodeLibraryPakFileMountedCallback: pending pak file info (ChunkID:-1 Root:root:/ File:D:/unreal 4/UE_4.27/FeaturePacks/TP_PuzzleBP.upack)
[2023.09.09-17.30.33:888][  0]LogPakFile: OnPakFileMounted2Time == 0.000037
[2023.09.09-17.30.33:911][  0]LogPakFile: PakFile PrimaryIndexSize=183
[2023.09.09-17.30.33:911][  0]LogPakFile: PakFile PathHashIndexSize=101
[2023.09.09-17.30.33:911][  0]LogPakFile: PakFile FullDirectoryIndexSize=140
[2023.09.09-17.30.33:911][  0]LogShaderLibrary: Display: ShaderCodeLibraryPakFileMountedCallback: PakFile 'D:/unreal 4/UE_4.27/FeaturePacks/TP_Rolling.upack' (chunk index -1, root 'root:/') mounted
[2023.09.09-17.30.33:911][  0]LogShaderLibrary: Display: ShaderCodeLibraryPakFileMountedCallback: pending pak file info (ChunkID:-1 Root:root:/ File:D:/unreal 4/UE_4.27/FeaturePacks/TP_Rolling.upack)
[2023.09.09-17.30.33:911][  0]LogPakFile: OnPakFileMounted2Time == 0.000040
[2023.09.09-17.30.33:926][  0]LogPakFile: PakFile PrimaryIndexSize=185
[2023.09.09-17.30.33:926][  0]LogPakFile: PakFile PathHashIndexSize=101
[2023.09.09-17.30.33:926][  0]LogPakFile: PakFile FullDirectoryIndexSize=144
[2023.09.09-17.30.33:926][  0]LogShaderLibrary: Display: ShaderCodeLibraryPakFileMountedCallback: PakFile 'D:/unreal 4/UE_4.27/FeaturePacks/TP_RollingBP.upack' (chunk index -1, root 'root:/') mounted
[2023.09.09-17.30.33:926][  0]LogShaderLibrary: Display: ShaderCodeLibraryPakFileMountedCallback: pending pak file info (ChunkID:-1 Root:root:/ File:D:/unreal 4/UE_4.27/FeaturePacks/TP_RollingBP.upack)
[2023.09.09-17.30.33:926][  0]LogPakFile: OnPakFileMounted2Time == 0.000037
[2023.09.09-17.30.33:942][  0]LogPakFile: PakFile PrimaryIndexSize=188
[2023.09.09-17.30.33:942][  0]LogPakFile: PakFile PathHashIndexSize=101
[2023.09.09-17.30.33:942][  0]LogPakFile: PakFile FullDirectoryIndexSize=150
[2023.09.09-17.30.33:942][  0]LogShaderLibrary: Display: ShaderCodeLibraryPakFileMountedCallback: PakFile 'D:/unreal 4/UE_4.27/FeaturePacks/TP_SideScroller.upack' (chunk index -1, root 'root:/') mounted
[2023.09.09-17.30.33:942][  0]LogShaderLibrary: Display: ShaderCodeLibraryPakFileMountedCallback: pending pak file info (ChunkID:-1 Root:root:/ File:D:/unreal 4/UE_4.27/FeaturePacks/TP_SideScroller.upack)
[2023.09.09-17.30.33:942][  0]LogPakFile: OnPakFileMounted2Time == 0.000038
[2023.09.09-17.30.33:944][  0]LogPakFile: PakFile PrimaryIndexSize=190
[2023.09.09-17.30.33:944][  0]LogPakFile: PakFile PathHashIndexSize=101
[2023.09.09-17.30.33:944][  0]LogPakFile: PakFile FullDirectoryIndexSize=154
[2023.09.09-17.30.33:944][  0]LogShaderLibrary: Display: ShaderCodeLibraryPakFileMountedCallback: PakFile 'D:/unreal 4/UE_4.27/FeaturePacks/TP_SideScrollerBP.upack' (chunk index -1, root 'root:/') mounted
[2023.09.09-17.30.33:944][  0]LogShaderLibrary: Display: ShaderCodeLibraryPakFileMountedCallback: pending pak file info (ChunkID:-1 Root:root:/ File:D:/unreal 4/UE_4.27/FeaturePacks/TP_SideScrollerBP.upack)
[2023.09.09-17.30.33:944][  0]LogPakFile: OnPakFileMounted2Time == 0.000035
[2023.09.09-17.30.33:953][  0]LogPakFile: PakFile PrimaryIndexSize=187
[2023.09.09-17.30.33:953][  0]LogPakFile: PakFile PathHashIndexSize=101
[2023.09.09-17.30.33:953][  0]LogPakFile: PakFile FullDirectoryIndexSize=148
[2023.09.09-17.30.33:953][  0]LogShaderLibrary: Display: ShaderCodeLibraryPakFileMountedCallback: PakFile 'D:/unreal 4/UE_4.27/FeaturePacks/TP_ThirdPerson.upack' (chunk index -1, root 'root:/') mounted
[2023.09.09-17.30.33:953][  0]LogShaderLibrary: Display: ShaderCodeLibraryPakFileMountedCallback: pending pak file info (ChunkID:-1 Root:root:/ File:D:/unreal 4/UE_4.27/FeaturePacks/TP_ThirdPerson.upack)
[2023.09.09-17.30.33:953][  0]LogPakFile: OnPakFileMounted2Time == 0.000039
[2023.09.09-17.30.33:961][  0]LogPakFile: PakFile PrimaryIndexSize=189
[2023.09.09-17.30.33:961][  0]LogPakFile: PakFile PathHashIndexSize=101
[2023.09.09-17.30.33:961][  0]LogPakFile: PakFile FullDirectoryIndexSize=152
[2023.09.09-17.30.33:961][  0]LogShaderLibrary: Display: ShaderCodeLibraryPakFileMountedCallback: PakFile 'D:/unreal 4/UE_4.27/FeaturePacks/TP_ThirdPersonBP.upack' (chunk index -1, root 'root:/') mounted
[2023.09.09-17.30.33:961][  0]LogShaderLibrary: Display: ShaderCodeLibraryPakFileMountedCallback: pending pak file info (ChunkID:-1 Root:root:/ File:D:/unreal 4/UE_4.27/FeaturePacks/TP_ThirdPersonBP.upack)
[2023.09.09-17.30.33:961][  0]LogPakFile: OnPakFileMounted2Time == 0.000043
[2023.09.09-17.30.33:962][  0]LogPakFile: PakFile PrimaryIndexSize=183
[2023.09.09-17.30.33:962][  0]LogPakFile: PakFile PathHashIndexSize=101
[2023.09.09-17.30.33:962][  0]LogPakFile: PakFile FullDirectoryIndexSize=140
[2023.09.09-17.30.33:962][  0]LogShaderLibrary: Display: ShaderCodeLibraryPakFileMountedCallback: PakFile 'D:/unreal 4/UE_4.27/FeaturePacks/TP_TopDown.upack' (chunk index -1, root 'root:/') mounted
[2023.09.09-17.30.33:962][  0]LogShaderLibrary: Display: ShaderCodeLibraryPakFileMountedCallback: pending pak file info (ChunkID:-1 Root:root:/ File:D:/unreal 4/UE_4.27/FeaturePacks/TP_TopDown.upack)
[2023.09.09-17.30.33:962][  0]LogPakFile: OnPakFileMounted2Time == 0.000041
[2023.09.09-17.30.33:976][  0]LogPakFile: PakFile PrimaryIndexSize=185
[2023.09.09-17.30.33:976][  0]LogPakFile: PakFile PathHashIndexSize=101
[2023.09.09-17.30.33:976][  0]LogPakFile: PakFile FullDirectoryIndexSize=144
[2023.09.09-17.30.33:976][  0]LogShaderLibrary: Display: ShaderCodeLibraryPakFileMountedCallback: PakFile 'D:/unreal 4/UE_4.27/FeaturePacks/TP_TopDownBP.upack' (chunk index -1, root 'root:/') mounted
[2023.09.09-17.30.33:976][  0]LogShaderLibrary: Display: ShaderCodeLibraryPakFileMountedCallback: pending pak file info (ChunkID:-1 Root:root:/ File:D:/unreal 4/UE_4.27/FeaturePacks/TP_TopDownBP.upack)
[2023.09.09-17.30.33:976][  0]LogPakFile: OnPakFileMounted2Time == 0.000039
[2023.09.09-17.30.33:977][  0]LogPakFile: PakFile PrimaryIndexSize=185
[2023.09.09-17.30.33:977][  0]LogPakFile: PakFile PathHashIndexSize=101
[2023.09.09-17.30.33:977][  0]LogPakFile: PakFile FullDirectoryIndexSize=144
[2023.09.09-17.30.33:977][  0]LogShaderLibrary: Display: ShaderCodeLibraryPakFileMountedCallback: PakFile 'D:/unreal 4/UE_4.27/FeaturePacks/TP_TwinStick.upack' (chunk index -1, root 'root:/') mounted
[2023.09.09-17.30.33:977][  0]LogShaderLibrary: Display: ShaderCodeLibraryPakFileMountedCallback: pending pak file info (ChunkID:-1 Root:root:/ File:D:/unreal 4/UE_4.27/FeaturePacks/TP_TwinStick.upack)
[2023.09.09-17.30.33:977][  0]LogPakFile: OnPakFileMounted2Time == 0.000037
[2023.09.09-17.30.33:987][  0]LogPakFile: PakFile PrimaryIndexSize=187
[2023.09.09-17.30.33:987][  0]LogPakFile: PakFile PathHashIndexSize=101
[2023.09.09-17.30.33:987][  0]LogPakFile: PakFile FullDirectoryIndexSize=148
[2023.09.09-17.30.33:987][  0]LogShaderLibrary: Display: ShaderCodeLibraryPakFileMountedCallback: PakFile 'D:/unreal 4/UE_4.27/FeaturePacks/TP_TwinStickBP.upack' (chunk index -1, root 'root:/') mounted
[2023.09.09-17.30.33:987][  0]LogShaderLibrary: Display: ShaderCodeLibraryPakFileMountedCallback: pending pak file info (ChunkID:-1 Root:root:/ File:D:/unreal 4/UE_4.27/FeaturePacks/TP_TwinStickBP.upack)
[2023.09.09-17.30.33:987][  0]LogPakFile: OnPakFileMounted2Time == 0.000037
[2023.09.09-17.30.33:999][  0]LogPakFile: PakFile PrimaryIndexSize=183
[2023.09.09-17.30.33:999][  0]LogPakFile: PakFile PathHashIndexSize=101
[2023.09.09-17.30.33:999][  0]LogPakFile: PakFile FullDirectoryIndexSize=140
[2023.09.09-17.30.33:999][  0]LogShaderLibrary: Display: ShaderCodeLibraryPakFileMountedCallback: PakFile 'D:/unreal 4/UE_4.27/FeaturePacks/TP_Vehicle.upack' (chunk index -1, root 'root:/') mounted
[2023.09.09-17.30.33:999][  0]LogShaderLibrary: Display: ShaderCodeLibraryPakFileMountedCallback: pending pak file info (ChunkID:-1 Root:root:/ File:D:/unreal 4/UE_4.27/FeaturePacks/TP_Vehicle.upack)
[2023.09.09-17.30.33:999][  0]LogPakFile: OnPakFileMounted2Time == 0.000037
[2023.09.09-17.30.34:018][  0]LogPakFile: PakFile PrimaryIndexSize=186
[2023.09.09-17.30.34:018][  0]LogPakFile: PakFile PathHashIndexSize=101
[2023.09.09-17.30.34:018][  0]LogPakFile: PakFile FullDirectoryIndexSize=146
[2023.09.09-17.30.34:018][  0]LogShaderLibrary: Display: ShaderCodeLibraryPakFileMountedCallback: PakFile 'D:/unreal 4/UE_4.27/FeaturePacks/TP_VehicleAdv.upack' (chunk index -1, root 'root:/') mounted
[2023.09.09-17.30.34:018][  0]LogShaderLibrary: Display: ShaderCodeLibraryPakFileMountedCallback: pending pak file info (ChunkID:-1 Root:root:/ File:D:/unreal 4/UE_4.27/FeaturePacks/TP_VehicleAdv.upack)
[2023.09.09-17.30.34:018][  0]LogPakFile: OnPakFileMounted2Time == 0.000044
[2023.09.09-17.30.34:049][  0]LogPakFile: PakFile PrimaryIndexSize=188
[2023.09.09-17.30.34:049][  0]LogPakFile: PakFile PathHashIndexSize=101
[2023.09.09-17.30.34:049][  0]LogPakFile: PakFile FullDirectoryIndexSize=150
[2023.09.09-17.30.34:049][  0]LogShaderLibrary: Display: ShaderCodeLibraryPakFileMountedCallback: PakFile 'D:/unreal 4/UE_4.27/FeaturePacks/TP_VehicleAdvBP.upack' (chunk index -1, root 'root:/') mounted
[2023.09.09-17.30.34:049][  0]LogShaderLibrary: Display: ShaderCodeLibraryPakFileMountedCallback: pending pak file info (ChunkID:-1 Root:root:/ File:D:/unreal 4/UE_4.27/FeaturePacks/TP_VehicleAdvBP.upack)
[2023.09.09-17.30.34:049][  0]LogPakFile: OnPakFileMounted2Time == 0.000038
[2023.09.09-17.30.34:060][  0]LogPakFile: PakFile PrimaryIndexSize=185
[2023.09.09-17.30.34:060][  0]LogPakFile: PakFile PathHashIndexSize=101
[2023.09.09-17.30.34:060][  0]LogPakFile: PakFile FullDirectoryIndexSize=144
[2023.09.09-17.30.34:060][  0]LogShaderLibrary: Display: ShaderCodeLibraryPakFileMountedCallback: PakFile 'D:/unreal 4/UE_4.27/FeaturePacks/TP_VehicleBP.upack' (chunk index -1, root 'root:/') mounted
[2023.09.09-17.30.34:060][  0]LogShaderLibrary: Display: ShaderCodeLibraryPakFileMountedCallback: pending pak file info (ChunkID:-1 Root:root:/ File:D:/unreal 4/UE_4.27/FeaturePacks/TP_VehicleBP.upack)
[2023.09.09-17.30.34:060][  0]LogPakFile: OnPakFileMounted2Time == 0.000037
[2023.09.09-17.30.34:082][  0]LogPakFile: PakFile PrimaryIndexSize=192
[2023.09.09-17.30.34:082][  0]LogPakFile: PakFile PathHashIndexSize=101
[2023.09.09-17.30.34:082][  0]LogPakFile: PakFile FullDirectoryIndexSize=158
[2023.09.09-17.30.34:082][  0]LogShaderLibrary: Display: ShaderCodeLibraryPakFileMountedCallback: PakFile 'D:/unreal 4/UE_4.27/FeaturePacks/TP_VirtualRealityBP.upack' (chunk index -1, root 'root:/') mounted
[2023.09.09-17.30.34:082][  0]LogShaderLibrary: Display: ShaderCodeLibraryPakFileMountedCallback: pending pak file info (ChunkID:-1 Root:root:/ File:D:/unreal 4/UE_4.27/FeaturePacks/TP_VirtualRealityBP.upack)
[2023.09.09-17.30.34:082][  0]LogPakFile: OnPakFileMounted2Time == 0.000039
[2023.09.09-17.30.34:570][  0]LogNativeClassHierarchy: Verbose: Native class hierarchy updated for 'AddContentDialog' in 0.0003 seconds. Added 0 classes and 0 folders.
[2023.09.09-17.30.34:655][  0]LogNativeClassHierarchy: Verbose: Native class hierarchy updated for 'SceneOutliner' in 0.0003 seconds. Added 2 classes and 0 folders.
[2023.09.09-17.30.36:796][  0]LogNativeClassHierarchy: Verbose: Native class hierarchy updated for 'WorldBrowser' in 0.0003 seconds. Added 2 classes and 3 folders.
[2023.09.09-17.30.37:368][  0]LogSlate: Took 0.011943 seconds to synchronously load lazily loaded font '../../../Engine/Content/Slate/Fonts/Roboto-Regular.ttf' (155K)
[2023.09.09-17.30.37:493][  0]LogSlate: Took 0.017034 seconds to synchronously load lazily loaded font '../../../Engine/Content/Editor/Slate/Fonts/FontAwesome.ttf' (139K)
[2023.09.09-17.30.37:555][  0]LogSlate: Took 0.022016 seconds to synchronously load lazily loaded font '../../../Engine/Content/Slate/Fonts/Roboto-Bold.ttf' (160K)
[2023.09.09-17.30.38:962][  0]LogRenderer: Reallocating scene render targets to support 1208x568 Format 10 NumSamples 1 (Frame:1).
[2023.09.09-17.30.41:387][  0]LogNativeClassHierarchy: Verbose: Native class hierarchy updated for 'HierarchicalLODOutliner' in 0.0002 seconds. Added 0 classes and 0 folders.
[2023.09.09-17.30.41:397][  0]LogInput: Warning: Action Jump uses invalid key OculusGo_Left_Trigger_Click.
[2023.09.09-17.30.41:397][  0]LogInput: Warning: Action ResetVR uses invalid key OculusGo_Left_Trackpad_Click.
[2023.09.09-17.30.41:397][  0]LogInput: Warning: Use -RemoveInvalidKeys to remove instances of these keys from the action mapping.
[2023.09.09-17.30.41:397][  0]LogLoad: (Engine Initialization) Total time: 150.47 seconds
[2023.09.09-17.30.41:397][  0]LogLoad: (Engine Initialization) Total Blueprint compile time: 0.00 seconds
[2023.09.09-17.30.41:592][  0]LogRawInputWindows: Warning: Found device 8 devices
[2023.09.09-17.30.41:592][  0]LogRawInputWindows: Warning: Found device 8 devices
[2023.09.09-17.30.41:593][  0]LogRawInputWindows: Warning: Device was registered succesfully but not connected (Usage:4 UsagePage:1)
[2023.09.09-17.30.41:593][  0]LogRawInputWindows: Warning: Found device 8 devices
[2023.09.09-17.30.41:593][  0]LogRawInputWindows: Warning: Device was registered succesfully but not connected (Usage:5 UsagePage:1)
[2023.09.09-17.30.42:714][  0]LogContentStreaming: Texture pool size now 1000 MB
[2023.09.09-17.30.44:189][  2]LogAssetRegistry: Asset discovery search completed in 92.2547 seconds
[2023.09.09-17.30.44:301][  2]LogCollectionManager: Fixed up redirectors for 0 collections in 0.006994 seconds (updated 0 objects)
[2023.09.09-17.30.44:500][  2]LogSlate: Took 0.010325 seconds to synchronously load lazily loaded font '../../../Engine/Content/Slate/Fonts/Roboto-Light.ttf' (167K)
[2023.09.09-17.30.55:087][ 34]LogUObjectHash: Compacting FUObjectHashTables data took   0.65ms
[2023.09.09-17.30.55:313][ 34]LogSlate: Window 'XP4 - Unreal Editor' being destroyed
[2023.09.09-17.30.56:566][ 35]Cmd: QUIT_EDITOR
[2023.09.09-17.30.56:566][ 35]LogCore: Engine exit requested (reason: UUnrealEdEngine::CloseEditor())
[2023.09.09-17.30.56:677][ 35]LogCore: Engine exit requested (reason: EngineExit() was called; note: exit was already requested)
[2023.09.09-17.30.56:937][ 35]LogAudio: Display: Beginning Audio Device Manager Shutdown (Module: AudioMixerXAudio2)...
[2023.09.09-17.30.56:937][ 35]LogAudio: Display: Destroying 1 Remaining Audio Device(s)...
[2023.09.09-17.30.56:953][ 35]LogAudio: Display: Audio Device unregistered from world 'ThirdPersonExampleMap'.
[2023.09.09-17.30.57:053][ 35]LogAudioMixer: FMixerPlatformXAudio2::StopAudioStream() called
[2023.09.09-17.30.57:055][ 35]LogAudioMixer: FMixerPlatformXAudio2::StopAudioStream() called
[2023.09.09-17.30.57:113][ 35]LogAudio: Display: Audio Device Manager Shutdown
[2023.09.09-17.30.57:259][ 35]LogExit: Preparing to exit.
[2023.09.09-17.30.57:611][ 35]LogUObjectHash: Compacting FUObjectHashTables data took   0.80ms
